LOG 2025/02/16
Save Path: D:\PlayReady-Amazon-Tool-main\binaries\Logs
Task Start: 2025/02/16 10:38:45
Task CommandLine: D:\PlayReady-Amazon-Tool-main\binaries\N_m3u8DL-RE.EXE http://avodsls3ww-s.akamaihd.net/ondemand/iad_2/552c/7db3/6711/4aae-96ef-225c65f8a7c4/2f960634-589d-4f1b-a71d-ca50196fd0bf.ism/manifest --save-dir D:\PlayReady-Amazon-Tool-main\Temp --save-name VideoTrack_72c5f49c5602995302ea983321e85312_enc --write-meta-json False --log-level ERROR --thread-count 96 --download-retry-count 8 --ffmpeg-binary-path D:\PlayReady-Amazon-Tool-main\binaries\ffmpeg.EXE --binary-merge --decryption-engine SHAKA_PACKAGER --http-request-timeout 8 -sv res='2160*':codec='hev1':for=best -da all -ds all

10:38:45.872 EXTRA: ffmpeg => D:\PlayReady-Amazon-Tool-main\binaries\ffmpeg.EXE
10:38:46.437 EXTRA: DropAudioFilter => For: all
10:38:46.437 EXTRA: DropSubtitleFilter => For: all
10:38:46.437 EXTRA: VideoFilter => ResolutionReg: 2160* For: best
10:38:54.950 EXTRA: Ah oh!
RetryCount => 8
Exception  => The request was canceled due to the configured HttpClient.Timeout of 8 seconds elapsing.
Url        => http://avodsls3ww-s.akamaihd.net/ondemand/iad_2/552c/7db3/6711/4aae-96ef-225c65f8a7c4/2f960634-589d-4f1b-a71d-ca50196fd0bf.ism/QualityLevels(20000000)/Fragments(video=0)
10:39:04.729 EXTRA: Ah oh!
RetryCount => 8
Exception  => The request was canceled due to the configured HttpClient.Timeout of 8 seconds elapsing.
Url        => http://avodsls3ww-s.akamaihd.net/ondemand/iad_2/552c/7db3/6711/4aae-96ef-225c65f8a7c4/2f960634-589d-4f1b-a71d-ca50196fd0bf.ism/QualityLevels(20000000)/Fragments(video=1501500000)
10:39:04.729 EXTRA: Ah oh!
RetryCount => 8
Exception  => The request was canceled due to the configured HttpClient.Timeout of 8 seconds elapsing.
Url        => http://avodsls3ww-s.akamaihd.net/ondemand/iad_2/552c/7db3/6711/4aae-96ef-225c65f8a7c4/2f960634-589d-4f1b-a71d-ca50196fd0bf.ism/QualityLevels(20000000)/Fragments(video=1021020000)
10:39:04.730 EXTRA: Ah oh!
RetryCount => 8
Exception  => The request was canceled due to the configured HttpClient.Timeout of 8 seconds elapsing.
Url        => http://avodsls3ww-s.akamaihd.net/ondemand/iad_2/552c/7db3/6711/4aae-96ef-225c65f8a7c4/2f960634-589d-4f1b-a71d-ca50196fd0bf.ism/QualityLevels(20000000)/Fragments(video=1361360000)
10:39:04.730 EXTRA: Ah oh!
RetryCount => 8
Exception  => The request was canceled due to the configured HttpClient.Timeout of 8 seconds elapsing.
Url        => http://avodsls3ww-s.akamaihd.net/ondemand/iad_2/552c/7db3/6711/4aae-96ef-225c65f8a7c4/2f960634-589d-4f1b-a71d-ca50196fd0bf.ism/QualityLevels(20000000)/Fragments(video=1301300000)
10:39:04.730 EXTRA: Ah oh!
RetryCount => 8
Exception  => The request was canceled due to the configured HttpClient.Timeout of 8 seconds elapsing.
Url        => http://avodsls3ww-s.akamaihd.net/ondemand/iad_2/552c/7db3/6711/4aae-96ef-225c65f8a7c4/2f960634-589d-4f1b-a71d-ca50196fd0bf.ism/QualityLevels(20000000)/Fragments(video=80080000)
10:39:04.729 EXTRA: Ah oh!
RetryCount => 8
Exception  => The request was canceled due to the configured HttpClient.Timeout of 8 seconds elapsing.
Url        => http://avodsls3ww-s.akamaihd.net/ondemand/iad_2/552c/7db3/6711/4aae-96ef-225c65f8a7c4/2f960634-589d-4f1b-a71d-ca50196fd0bf.ism/QualityLevels(20000000)/Fragments(video=100100000)
10:39:04.730 EXTRA: Ah oh!
RetryCount => 8
Exception  => The request was canceled due to the configured HttpClient.Timeout of 8 seconds elapsing.
Url        => http://avodsls3ww-s.akamaihd.net/ondemand/iad_2/552c/7db3/6711/4aae-96ef-225c65f8a7c4/2f960634-589d-4f1b-a71d-ca50196fd0bf.ism/QualityLevels(20000000)/Fragments(video=740740000)
10:39:04.729 EXTRA: Ah oh!
RetryCount => 8
Exception  => The request was canceled due to the configured HttpClient.Timeout of 8 seconds elapsing.
Url        => http://avodsls3ww-s.akamaihd.net/ondemand/iad_2/552c/7db3/6711/4aae-96ef-225c65f8a7c4/2f960634-589d-4f1b-a71d-ca50196fd0bf.ism/QualityLevels(20000000)/Fragments(video=1881880000)
10:39:04.729 EXTRA: Ah oh!
RetryCount => 8
Exception  => The request was canceled due to the configured HttpClient.Timeout of 8 seconds elapsing.
Url        => http://avodsls3ww-s.akamaihd.net/ondemand/iad_2/552c/7db3/6711/4aae-96ef-225c65f8a7c4/2f960634-589d-4f1b-a71d-ca50196fd0bf.ism/QualityLevels(20000000)/Fragments(video=260260000)
10:39:04.729 EXTRA: Ah oh!
RetryCount => 8
Exception  => The request was canceled due to the configured HttpClient.Timeout of 8 seconds elapsing.
Url        => http://avodsls3ww-s.akamaihd.net/ondemand/iad_2/552c/7db3/6711/4aae-96ef-225c65f8a7c4/2f960634-589d-4f1b-a71d-ca50196fd0bf.ism/QualityLevels(20000000)/Fragments(video=580580000)
10:39:04.729 EXTRA: Ah oh!
RetryCount => 8
Exception  => The request was canceled due to the configured HttpClient.Timeout of 8 seconds elapsing.
Url        => http://avodsls3ww-s.akamaihd.net/ondemand/iad_2/552c/7db3/6711/4aae-96ef-225c65f8a7c4/2f960634-589d-4f1b-a71d-ca50196fd0bf.ism/QualityLevels(20000000)/Fragments(video=220220000)
10:39:04.729 EXTRA: Ah oh!
RetryCount => 8
Exception  => The request was canceled due to the configured HttpClient.Timeout of 8 seconds elapsing.
Url        => http://avodsls3ww-s.akamaihd.net/ondemand/iad_2/552c/7db3/6711/4aae-96ef-225c65f8a7c4/2f960634-589d-4f1b-a71d-ca50196fd0bf.ism/QualityLevels(20000000)/Fragments(video=1001000000)
10:39:04.729 EXTRA: Ah oh!
RetryCount => 8
Exception  => The request was canceled due to the configured HttpClient.Timeout of 8 seconds elapsing.
Url        => http://avodsls3ww-s.akamaihd.net/ondemand/iad_2/552c/7db3/6711/4aae-96ef-225c65f8a7c4/2f960634-589d-4f1b-a71d-ca50196fd0bf.ism/QualityLevels(20000000)/Fragments(video=20020000)
10:39:04.731 EXTRA: Ah oh!
RetryCount => 8
Exception  => The request was canceled due to the configured HttpClient.Timeout of 8 seconds elapsing.
Url        => http://avodsls3ww-s.akamaihd.net/ondemand/iad_2/552c/7db3/6711/4aae-96ef-225c65f8a7c4/2f960634-589d-4f1b-a71d-ca50196fd0bf.ism/QualityLevels(20000000)/Fragments(video=560560000)
10:39:04.729 EXTRA: Ah oh!
RetryCount => 8
Exception  => The request was canceled due to the configured HttpClient.Timeout of 8 seconds elapsing.
Url        => http://avodsls3ww-s.akamaihd.net/ondemand/iad_2/552c/7db3/6711/4aae-96ef-225c65f8a7c4/2f960634-589d-4f1b-a71d-ca50196fd0bf.ism/QualityLevels(20000000)/Fragments(video=1721720000)
10:39:04.729 EXTRA: Ah oh!
RetryCount => 8
Exception  => The request was canceled due to the configured HttpClient.Timeout of 8 seconds elapsing.
Url        => http://avodsls3ww-s.akamaihd.net/ondemand/iad_2/552c/7db3/6711/4aae-96ef-225c65f8a7c4/2f960634-589d-4f1b-a71d-ca50196fd0bf.ism/QualityLevels(20000000)/Fragments(video=1781780000)
10:39:04.744 EXTRA: Ah oh!
RetryCount => 8
Exception  => The request was canceled due to the configured HttpClient.Timeout of 8 seconds elapsing.
Url        => http://avodsls3ww-s.akamaihd.net/ondemand/iad_2/552c/7db3/6711/4aae-96ef-225c65f8a7c4/2f960634-589d-4f1b-a71d-ca50196fd0bf.ism/QualityLevels(20000000)/Fragments(video=1581580000)
10:39:04.729 EXTRA: Ah oh!
RetryCount => 8
Exception  => The request was canceled due to the configured HttpClient.Timeout of 8 seconds elapsing.
Url        => http://avodsls3ww-s.akamaihd.net/ondemand/iad_2/552c/7db3/6711/4aae-96ef-225c65f8a7c4/2f960634-589d-4f1b-a71d-ca50196fd0bf.ism/QualityLevels(20000000)/Fragments(video=1901900000)
10:39:04.744 EXTRA: Ah oh!
RetryCount => 8
Exception  => The request was canceled due to the configured HttpClient.Timeout of 8 seconds elapsing.
Url        => http://avodsls3ww-s.akamaihd.net/ondemand/iad_2/552c/7db3/6711/4aae-96ef-225c65f8a7c4/2f960634-589d-4f1b-a71d-ca50196fd0bf.ism/QualityLevels(20000000)/Fragments(video=1401400000)
10:39:04.730 EXTRA: Ah oh!
RetryCount => 8
Exception  => The request was canceled due to the configured HttpClient.Timeout of 8 seconds elapsing.
Url        => http://avodsls3ww-s.akamaihd.net/ondemand/iad_2/552c/7db3/6711/4aae-96ef-225c65f8a7c4/2f960634-589d-4f1b-a71d-ca50196fd0bf.ism/QualityLevels(20000000)/Fragments(video=360360000)
10:39:04.729 EXTRA: Ah oh!
RetryCount => 8
Exception  => The request was canceled due to the configured HttpClient.Timeout of 8 seconds elapsing.
Url        => http://avodsls3ww-s.akamaihd.net/ondemand/iad_2/552c/7db3/6711/4aae-96ef-225c65f8a7c4/2f960634-589d-4f1b-a71d-ca50196fd0bf.ism/QualityLevels(20000000)/Fragments(video=1741740000)
10:39:04.730 EXTRA: Ah oh!
RetryCount => 8
Exception  => The request was canceled due to the configured HttpClient.Timeout of 8 seconds elapsing.
Url        => http://avodsls3ww-s.akamaihd.net/ondemand/iad_2/552c/7db3/6711/4aae-96ef-225c65f8a7c4/2f960634-589d-4f1b-a71d-ca50196fd0bf.ism/QualityLevels(20000000)/Fragments(video=660660000)
10:39:04.730 EXTRA: Ah oh!
RetryCount => 8
Exception  => The request was canceled due to the configured HttpClient.Timeout of 8 seconds elapsing.
Url        => http://avodsls3ww-s.akamaihd.net/ondemand/iad_2/552c/7db3/6711/4aae-96ef-225c65f8a7c4/2f960634-589d-4f1b-a71d-ca50196fd0bf.ism/QualityLevels(20000000)/Fragments(video=800800000)
10:39:04.730 EXTRA: Ah oh!
RetryCount => 8
Exception  => The request was canceled due to the configured HttpClient.Timeout of 8 seconds elapsing.
Url        => http://avodsls3ww-s.akamaihd.net/ondemand/iad_2/552c/7db3/6711/4aae-96ef-225c65f8a7c4/2f960634-589d-4f1b-a71d-ca50196fd0bf.ism/QualityLevels(20000000)/Fragments(video=1521520000)
10:39:04.729 EXTRA: Ah oh!
RetryCount => 8
Exception  => The request was canceled due to the configured HttpClient.Timeout of 8 seconds elapsing.
Url        => http://avodsls3ww-s.akamaihd.net/ondemand/iad_2/552c/7db3/6711/4aae-96ef-225c65f8a7c4/2f960634-589d-4f1b-a71d-ca50196fd0bf.ism/QualityLevels(20000000)/Fragments(video=1041040000)
10:39:04.730 EXTRA: Ah oh!
RetryCount => 8
Exception  => The request was canceled due to the configured HttpClient.Timeout of 8 seconds elapsing.
Url        => http://avodsls3ww-s.akamaihd.net/ondemand/iad_2/552c/7db3/6711/4aae-96ef-225c65f8a7c4/2f960634-589d-4f1b-a71d-ca50196fd0bf.ism/QualityLevels(20000000)/Fragments(video=440440000)
10:39:04.730 EXTRA: Ah oh!
RetryCount => 8
Exception  => The request was canceled due to the configured HttpClient.Timeout of 8 seconds elapsing.
Url        => http://avodsls3ww-s.akamaihd.net/ondemand/iad_2/552c/7db3/6711/4aae-96ef-225c65f8a7c4/2f960634-589d-4f1b-a71d-ca50196fd0bf.ism/QualityLevels(20000000)/Fragments(video=960960000)
10:39:04.730 EXTRA: Ah oh!
RetryCount => 8
Exception  => The request was canceled due to the configured HttpClient.Timeout of 8 seconds elapsing.
Url        => http://avodsls3ww-s.akamaihd.net/ondemand/iad_2/552c/7db3/6711/4aae-96ef-225c65f8a7c4/2f960634-589d-4f1b-a71d-ca50196fd0bf.ism/QualityLevels(20000000)/Fragments(video=640640000)
10:39:04.730 EXTRA: Ah oh!
RetryCount => 8
Exception  => The request was canceled due to the configured HttpClient.Timeout of 8 seconds elapsing.
Url        => http://avodsls3ww-s.akamaihd.net/ondemand/iad_2/552c/7db3/6711/4aae-96ef-225c65f8a7c4/2f960634-589d-4f1b-a71d-ca50196fd0bf.ism/QualityLevels(20000000)/Fragments(video=200200000)
10:39:04.729 EXTRA: Ah oh!
RetryCount => 8
Exception  => The request was canceled due to the configured HttpClient.Timeout of 8 seconds elapsing.
Url        => http://avodsls3ww-s.akamaihd.net/ondemand/iad_2/552c/7db3/6711/4aae-96ef-225c65f8a7c4/2f960634-589d-4f1b-a71d-ca50196fd0bf.ism/QualityLevels(20000000)/Fragments(video=1921920000)
10:39:04.730 EXTRA: Ah oh!
RetryCount => 8
Exception  => The request was canceled due to the configured HttpClient.Timeout of 8 seconds elapsing.
Url        => http://avodsls3ww-s.akamaihd.net/ondemand/iad_2/552c/7db3/6711/4aae-96ef-225c65f8a7c4/2f960634-589d-4f1b-a71d-ca50196fd0bf.ism/QualityLevels(20000000)/Fragments(video=460460000)
10:39:04.730 EXTRA: Ah oh!
RetryCount => 8
Exception  => The request was canceled due to the configured HttpClient.Timeout of 8 seconds elapsing.
Url        => http://avodsls3ww-s.akamaihd.net/ondemand/iad_2/552c/7db3/6711/4aae-96ef-225c65f8a7c4/2f960634-589d-4f1b-a71d-ca50196fd0bf.ism/QualityLevels(20000000)/Fragments(video=600600000)
10:39:04.730 EXTRA: Ah oh!
RetryCount => 8
Exception  => The request was canceled due to the configured HttpClient.Timeout of 8 seconds elapsing.
Url        => http://avodsls3ww-s.akamaihd.net/ondemand/iad_2/552c/7db3/6711/4aae-96ef-225c65f8a7c4/2f960634-589d-4f1b-a71d-ca50196fd0bf.ism/QualityLevels(20000000)/Fragments(video=1281280000)
10:39:04.730 EXTRA: Ah oh!
RetryCount => 8
Exception  => The request was canceled due to the configured HttpClient.Timeout of 8 seconds elapsing.
Url        => http://avodsls3ww-s.akamaihd.net/ondemand/iad_2/552c/7db3/6711/4aae-96ef-225c65f8a7c4/2f960634-589d-4f1b-a71d-ca50196fd0bf.ism/QualityLevels(20000000)/Fragments(video=1381380000)
10:39:04.730 EXTRA: Ah oh!
RetryCount => 8
Exception  => The request was canceled due to the configured HttpClient.Timeout of 8 seconds elapsing.
Url        => http://avodsls3ww-s.akamaihd.net/ondemand/iad_2/552c/7db3/6711/4aae-96ef-225c65f8a7c4/2f960634-589d-4f1b-a71d-ca50196fd0bf.ism/QualityLevels(20000000)/Fragments(video=1641640000)
10:39:04.730 EXTRA: Ah oh!
RetryCount => 8
Exception  => The request was canceled due to the configured HttpClient.Timeout of 8 seconds elapsing.
Url        => http://avodsls3ww-s.akamaihd.net/ondemand/iad_2/552c/7db3/6711/4aae-96ef-225c65f8a7c4/2f960634-589d-4f1b-a71d-ca50196fd0bf.ism/QualityLevels(20000000)/Fragments(video=900900000)
10:39:04.731 EXTRA: Ah oh!
RetryCount => 8
Exception  => The request was canceled due to the configured HttpClient.Timeout of 8 seconds elapsing.
Url        => http://avodsls3ww-s.akamaihd.net/ondemand/iad_2/552c/7db3/6711/4aae-96ef-225c65f8a7c4/2f960634-589d-4f1b-a71d-ca50196fd0bf.ism/QualityLevels(20000000)/Fragments(video=40040000)
10:39:04.731 EXTRA: Ah oh!
RetryCount => 8
Exception  => The request was canceled due to the configured HttpClient.Timeout of 8 seconds elapsing.
Url        => http://avodsls3ww-s.akamaihd.net/ondemand/iad_2/552c/7db3/6711/4aae-96ef-225c65f8a7c4/2f960634-589d-4f1b-a71d-ca50196fd0bf.ism/QualityLevels(20000000)/Fragments(video=700700000)
10:39:04.731 EXTRA: Ah oh!
RetryCount => 8
Exception  => The request was canceled due to the configured HttpClient.Timeout of 8 seconds elapsing.
Url        => http://avodsls3ww-s.akamaihd.net/ondemand/iad_2/552c/7db3/6711/4aae-96ef-225c65f8a7c4/2f960634-589d-4f1b-a71d-ca50196fd0bf.ism/QualityLevels(20000000)/Fragments(video=300300000)
10:39:04.731 EXTRA: Ah oh!
RetryCount => 8
Exception  => The request was canceled due to the configured HttpClient.Timeout of 8 seconds elapsing.
Url        => http://avodsls3ww-s.akamaihd.net/ondemand/iad_2/552c/7db3/6711/4aae-96ef-225c65f8a7c4/2f960634-589d-4f1b-a71d-ca50196fd0bf.ism/QualityLevels(20000000)/Fragments(video=420420000)
10:39:04.731 EXTRA: Ah oh!
RetryCount => 8
Exception  => The request was canceled due to the configured HttpClient.Timeout of 8 seconds elapsing.
Url        => http://avodsls3ww-s.akamaihd.net/ondemand/iad_2/552c/7db3/6711/4aae-96ef-225c65f8a7c4/2f960634-589d-4f1b-a71d-ca50196fd0bf.ism/QualityLevels(20000000)/Fragments(video=340340000)
10:39:04.731 EXTRA: Ah oh!
RetryCount => 8
Exception  => The request was canceled due to the configured HttpClient.Timeout of 8 seconds elapsing.
Url        => http://avodsls3ww-s.akamaihd.net/ondemand/iad_2/552c/7db3/6711/4aae-96ef-225c65f8a7c4/2f960634-589d-4f1b-a71d-ca50196fd0bf.ism/QualityLevels(20000000)/Fragments(video=280280000)
10:39:04.731 EXTRA: Ah oh!
RetryCount => 8
Exception  => The request was canceled due to the configured HttpClient.Timeout of 8 seconds elapsing.
Url        => http://avodsls3ww-s.akamaihd.net/ondemand/iad_2/552c/7db3/6711/4aae-96ef-225c65f8a7c4/2f960634-589d-4f1b-a71d-ca50196fd0bf.ism/QualityLevels(20000000)/Fragments(video=1221220000)
10:39:04.731 EXTRA: Ah oh!
RetryCount => 8
Exception  => The request was canceled due to the configured HttpClient.Timeout of 8 seconds elapsing.
Url        => http://avodsls3ww-s.akamaihd.net/ondemand/iad_2/552c/7db3/6711/4aae-96ef-225c65f8a7c4/2f960634-589d-4f1b-a71d-ca50196fd0bf.ism/QualityLevels(20000000)/Fragments(video=520520000)
10:39:04.731 EXTRA: Ah oh!
RetryCount => 8
Exception  => The request was canceled due to the configured HttpClient.Timeout of 8 seconds elapsing.
Url        => http://avodsls3ww-s.akamaihd.net/ondemand/iad_2/552c/7db3/6711/4aae-96ef-225c65f8a7c4/2f960634-589d-4f1b-a71d-ca50196fd0bf.ism/QualityLevels(20000000)/Fragments(video=1621620000)
10:39:04.729 EXTRA: Ah oh!
RetryCount => 8
Exception  => The request was canceled due to the configured HttpClient.Timeout of 8 seconds elapsing.
Url        => http://avodsls3ww-s.akamaihd.net/ondemand/iad_2/552c/7db3/6711/4aae-96ef-225c65f8a7c4/2f960634-589d-4f1b-a71d-ca50196fd0bf.ism/QualityLevels(20000000)/Fragments(video=840840000)
10:39:04.744 EXTRA: Ah oh!
RetryCount => 8
Exception  => The request was canceled due to the configured HttpClient.Timeout of 8 seconds elapsing.
Url        => http://avodsls3ww-s.akamaihd.net/ondemand/iad_2/552c/7db3/6711/4aae-96ef-225c65f8a7c4/2f960634-589d-4f1b-a71d-ca50196fd0bf.ism/QualityLevels(20000000)/Fragments(video=1761760000)
10:39:04.744 EXTRA: Ah oh!
RetryCount => 8
Exception  => The request was canceled due to the configured HttpClient.Timeout of 8 seconds elapsing.
Url        => http://avodsls3ww-s.akamaihd.net/ondemand/iad_2/552c/7db3/6711/4aae-96ef-225c65f8a7c4/2f960634-589d-4f1b-a71d-ca50196fd0bf.ism/QualityLevels(20000000)/Fragments(video=540540000)
10:39:04.744 EXTRA: Ah oh!
RetryCount => 8
Exception  => The request was canceled due to the configured HttpClient.Timeout of 8 seconds elapsing.
Url        => http://avodsls3ww-s.akamaihd.net/ondemand/iad_2/552c/7db3/6711/4aae-96ef-225c65f8a7c4/2f960634-589d-4f1b-a71d-ca50196fd0bf.ism/QualityLevels(20000000)/Fragments(video=140140000)
10:39:04.744 EXTRA: Ah oh!
RetryCount => 8
Exception  => The request was canceled due to the configured HttpClient.Timeout of 8 seconds elapsing.
Url        => http://avodsls3ww-s.akamaihd.net/ondemand/iad_2/552c/7db3/6711/4aae-96ef-225c65f8a7c4/2f960634-589d-4f1b-a71d-ca50196fd0bf.ism/QualityLevels(20000000)/Fragments(video=980980000)
10:39:04.729 EXTRA: Ah oh!
RetryCount => 8
Exception  => The request was canceled due to the configured HttpClient.Timeout of 8 seconds elapsing.
Url        => http://avodsls3ww-s.akamaihd.net/ondemand/iad_2/552c/7db3/6711/4aae-96ef-225c65f8a7c4/2f960634-589d-4f1b-a71d-ca50196fd0bf.ism/QualityLevels(20000000)/Fragments(video=1261260000)
10:39:04.744 EXTRA: Ah oh!
RetryCount => 8
Exception  => The request was canceled due to the configured HttpClient.Timeout of 8 seconds elapsing.
Url        => http://avodsls3ww-s.akamaihd.net/ondemand/iad_2/552c/7db3/6711/4aae-96ef-225c65f8a7c4/2f960634-589d-4f1b-a71d-ca50196fd0bf.ism/QualityLevels(20000000)/Fragments(video=400400000)
10:39:04.744 EXTRA: Ah oh!
RetryCount => 8
Exception  => The request was canceled due to the configured HttpClient.Timeout of 8 seconds elapsing.
Url        => http://avodsls3ww-s.akamaihd.net/ondemand/iad_2/552c/7db3/6711/4aae-96ef-225c65f8a7c4/2f960634-589d-4f1b-a71d-ca50196fd0bf.ism/QualityLevels(20000000)/Fragments(video=240240000)
10:39:04.744 EXTRA: Ah oh!
RetryCount => 8
Exception  => The request was canceled due to the configured HttpClient.Timeout of 8 seconds elapsing.
Url        => http://avodsls3ww-s.akamaihd.net/ondemand/iad_2/552c/7db3/6711/4aae-96ef-225c65f8a7c4/2f960634-589d-4f1b-a71d-ca50196fd0bf.ism/QualityLevels(20000000)/Fragments(video=1321320000)
10:39:04.744 EXTRA: Ah oh!
RetryCount => 8
Exception  => The request was canceled due to the configured HttpClient.Timeout of 8 seconds elapsing.
Url        => http://avodsls3ww-s.akamaihd.net/ondemand/iad_2/552c/7db3/6711/4aae-96ef-225c65f8a7c4/2f960634-589d-4f1b-a71d-ca50196fd0bf.ism/QualityLevels(20000000)/Fragments(video=1461460000)
10:39:04.744 EXTRA: Ah oh!
RetryCount => 8
Exception  => The request was canceled due to the configured HttpClient.Timeout of 8 seconds elapsing.
Url        => http://avodsls3ww-s.akamaihd.net/ondemand/iad_2/552c/7db3/6711/4aae-96ef-225c65f8a7c4/2f960634-589d-4f1b-a71d-ca50196fd0bf.ism/QualityLevels(20000000)/Fragments(video=1701700000)
10:39:04.744 EXTRA: Ah oh!
RetryCount => 8
Exception  => The request was canceled due to the configured HttpClient.Timeout of 8 seconds elapsing.
Url        => http://avodsls3ww-s.akamaihd.net/ondemand/iad_2/552c/7db3/6711/4aae-96ef-225c65f8a7c4/2f960634-589d-4f1b-a71d-ca50196fd0bf.ism/QualityLevels(20000000)/Fragments(video=1181180000)
10:39:04.730 EXTRA: Ah oh!
RetryCount => 8
Exception  => The request was canceled due to the configured HttpClient.Timeout of 8 seconds elapsing.
Url        => http://avodsls3ww-s.akamaihd.net/ondemand/iad_2/552c/7db3/6711/4aae-96ef-225c65f8a7c4/2f960634-589d-4f1b-a71d-ca50196fd0bf.ism/QualityLevels(20000000)/Fragments(video=1841840000)
10:39:04.744 EXTRA: Ah oh!
RetryCount => 8
Exception  => The request was canceled due to the configured HttpClient.Timeout of 8 seconds elapsing.
Url        => http://avodsls3ww-s.akamaihd.net/ondemand/iad_2/552c/7db3/6711/4aae-96ef-225c65f8a7c4/2f960634-589d-4f1b-a71d-ca50196fd0bf.ism/QualityLevels(20000000)/Fragments(video=1481480000)
10:39:07.707 EXTRA: Ah oh!
RetryCount => 8
Exception  => The request was canceled due to the configured HttpClient.Timeout of 8 seconds elapsing.
Url        => http://avodsls3ww-s.akamaihd.net/ondemand/iad_2/552c/7db3/6711/4aae-96ef-225c65f8a7c4/2f960634-589d-4f1b-a71d-ca50196fd0bf.ism/QualityLevels(20000000)/Fragments(video=1941940000)
10:39:09.473 EXTRA: Ah oh!
RetryCount => 8
Exception  => The request was canceled due to the configured HttpClient.Timeout of 8 seconds elapsing.
Url        => http://avodsls3ww-s.akamaihd.net/ondemand/iad_2/552c/7db3/6711/4aae-96ef-225c65f8a7c4/2f960634-589d-4f1b-a71d-ca50196fd0bf.ism/QualityLevels(20000000)/Fragments(video=1961960000)
10:39:13.759 EXTRA: Ah oh!
RetryCount => 7
Exception  => The request was canceled due to the configured HttpClient.Timeout of 8 seconds elapsing.
Url        => http://avodsls3ww-s.akamaihd.net/ondemand/iad_2/552c/7db3/6711/4aae-96ef-225c65f8a7c4/2f960634-589d-4f1b-a71d-ca50196fd0bf.ism/QualityLevels(20000000)/Fragments(video=800800000)
10:39:42.731 EXTRA: Ah oh!
RetryCount => 8
Exception  => The request was canceled due to the configured HttpClient.Timeout of 8 seconds elapsing.
Url        => http://avodsls3ww-s.akamaihd.net/ondemand/iad_2/552c/7db3/6711/4aae-96ef-225c65f8a7c4/2f960634-589d-4f1b-a71d-ca50196fd0bf.ism/QualityLevels(20000000)/Fragments(video=2042040000)
10:39:45.623 EXTRA: Ah oh!
RetryCount => 8
Exception  => The request was canceled due to the configured HttpClient.Timeout of 8 seconds elapsing.
Url        => http://avodsls3ww-s.akamaihd.net/ondemand/iad_2/552c/7db3/6711/4aae-96ef-225c65f8a7c4/2f960634-589d-4f1b-a71d-ca50196fd0bf.ism/QualityLevels(20000000)/Fragments(video=2062060000)
10:39:49.791 EXTRA: Ah oh!
RetryCount => 8
Exception  => The request was canceled due to the configured HttpClient.Timeout of 8 seconds elapsing.
Url        => http://avodsls3ww-s.akamaihd.net/ondemand/iad_2/552c/7db3/6711/4aae-96ef-225c65f8a7c4/2f960634-589d-4f1b-a71d-ca50196fd0bf.ism/QualityLevels(20000000)/Fragments(video=2122120000)
10:39:50.181 EXTRA: Ah oh!
RetryCount => 8
Exception  => The request was canceled due to the configured HttpClient.Timeout of 8 seconds elapsing.
Url        => http://avodsls3ww-s.akamaihd.net/ondemand/iad_2/552c/7db3/6711/4aae-96ef-225c65f8a7c4/2f960634-589d-4f1b-a71d-ca50196fd0bf.ism/QualityLevels(20000000)/Fragments(video=2142140000)
10:39:54.519 EXTRA: Ah oh!
RetryCount => 8
Exception  => The request was canceled due to the configured HttpClient.Timeout of 8 seconds elapsing.
Url        => http://avodsls3ww-s.akamaihd.net/ondemand/iad_2/552c/7db3/6711/4aae-96ef-225c65f8a7c4/2f960634-589d-4f1b-a71d-ca50196fd0bf.ism/QualityLevels(20000000)/Fragments(video=2162160000)
10:39:57.886 EXTRA: Ah oh!
RetryCount => 8
Exception  => The request was canceled due to the configured HttpClient.Timeout of 8 seconds elapsing.
Url        => http://avodsls3ww-s.akamaihd.net/ondemand/iad_2/552c/7db3/6711/4aae-96ef-225c65f8a7c4/2f960634-589d-4f1b-a71d-ca50196fd0bf.ism/QualityLevels(20000000)/Fragments(video=2202200000)
10:39:58.198 EXTRA: Ah oh!
RetryCount => 8
Exception  => The request was canceled due to the configured HttpClient.Timeout of 8 seconds elapsing.
Url        => http://avodsls3ww-s.akamaihd.net/ondemand/iad_2/552c/7db3/6711/4aae-96ef-225c65f8a7c4/2f960634-589d-4f1b-a71d-ca50196fd0bf.ism/QualityLevels(20000000)/Fragments(video=2222220000)
10:40:01.359 EXTRA: Ah oh!
RetryCount => 8
Exception  => The request was canceled due to the configured HttpClient.Timeout of 8 seconds elapsing.
Url        => http://avodsls3ww-s.akamaihd.net/ondemand/iad_2/552c/7db3/6711/4aae-96ef-225c65f8a7c4/2f960634-589d-4f1b-a71d-ca50196fd0bf.ism/QualityLevels(20000000)/Fragments(video=2282280000)
10:40:03.457 EXTRA: Ah oh!
RetryCount => 8
Exception  => The request was canceled due to the configured HttpClient.Timeout of 8 seconds elapsing.
Url        => http://avodsls3ww-s.akamaihd.net/ondemand/iad_2/552c/7db3/6711/4aae-96ef-225c65f8a7c4/2f960634-589d-4f1b-a71d-ca50196fd0bf.ism/QualityLevels(20000000)/Fragments(video=2302300000)
10:40:03.725 EXTRA: Ah oh!
RetryCount => 8
Exception  => The request was canceled due to the configured HttpClient.Timeout of 8 seconds elapsing.
Url        => http://avodsls3ww-s.akamaihd.net/ondemand/iad_2/552c/7db3/6711/4aae-96ef-225c65f8a7c4/2f960634-589d-4f1b-a71d-ca50196fd0bf.ism/QualityLevels(20000000)/Fragments(video=2342340000)
10:40:09.285 EXTRA: Ah oh!
RetryCount => 8
Exception  => The request was canceled due to the configured HttpClient.Timeout of 8 seconds elapsing.
Url        => http://avodsls3ww-s.akamaihd.net/ondemand/iad_2/552c/7db3/6711/4aae-96ef-225c65f8a7c4/2f960634-589d-4f1b-a71d-ca50196fd0bf.ism/QualityLevels(20000000)/Fragments(video=2442440000)
10:40:11.616 EXTRA: Ah oh!
RetryCount => 8
Exception  => The request was canceled due to the configured HttpClient.Timeout of 8 seconds elapsing.
Url        => http://avodsls3ww-s.akamaihd.net/ondemand/iad_2/552c/7db3/6711/4aae-96ef-225c65f8a7c4/2f960634-589d-4f1b-a71d-ca50196fd0bf.ism/QualityLevels(20000000)/Fragments(video=2522520000)
10:40:12.694 EXTRA: Ah oh!
RetryCount => 8
Exception  => The request was canceled due to the configured HttpClient.Timeout of 8 seconds elapsing.
Url        => http://avodsls3ww-s.akamaihd.net/ondemand/iad_2/552c/7db3/6711/4aae-96ef-225c65f8a7c4/2f960634-589d-4f1b-a71d-ca50196fd0bf.ism/QualityLevels(20000000)/Fragments(video=2562560000)
10:40:15.741 EXTRA: Ah oh!
RetryCount => 8
Exception  => The request was canceled due to the configured HttpClient.Timeout of 8 seconds elapsing.
Url        => http://avodsls3ww-s.akamaihd.net/ondemand/iad_2/552c/7db3/6711/4aae-96ef-225c65f8a7c4/2f960634-589d-4f1b-a71d-ca50196fd0bf.ism/QualityLevels(20000000)/Fragments(video=2622620000)
10:40:16.210 EXTRA: Ah oh!
RetryCount => 8
Exception  => The request was canceled due to the configured HttpClient.Timeout of 8 seconds elapsing.
Url        => http://avodsls3ww-s.akamaihd.net/ondemand/iad_2/552c/7db3/6711/4aae-96ef-225c65f8a7c4/2f960634-589d-4f1b-a71d-ca50196fd0bf.ism/QualityLevels(20000000)/Fragments(video=2642640000)
10:40:20.764 EXTRA: Ah oh!
RetryCount => 8
Exception  => The request was canceled due to the configured HttpClient.Timeout of 8 seconds elapsing.
Url        => http://avodsls3ww-s.akamaihd.net/ondemand/iad_2/552c/7db3/6711/4aae-96ef-225c65f8a7c4/2f960634-589d-4f1b-a71d-ca50196fd0bf.ism/QualityLevels(20000000)/Fragments(video=2682680000)
10:40:22.092 EXTRA: Ah oh!
RetryCount => 8
Exception  => The request was canceled due to the configured HttpClient.Timeout of 8 seconds elapsing.
Url        => http://avodsls3ww-s.akamaihd.net/ondemand/iad_2/552c/7db3/6711/4aae-96ef-225c65f8a7c4/2f960634-589d-4f1b-a71d-ca50196fd0bf.ism/QualityLevels(20000000)/Fragments(video=2702700000)
10:40:22.217 EXTRA: Ah oh!
RetryCount => 8
Exception  => The request was canceled due to the configured HttpClient.Timeout of 8 seconds elapsing.
Url        => http://avodsls3ww-s.akamaihd.net/ondemand/iad_2/552c/7db3/6711/4aae-96ef-225c65f8a7c4/2f960634-589d-4f1b-a71d-ca50196fd0bf.ism/QualityLevels(20000000)/Fragments(video=2722720000)
10:40:22.999 EXTRA: Ah oh!
RetryCount => 8
Exception  => The request was canceled due to the configured HttpClient.Timeout of 8 seconds elapsing.
Url        => http://avodsls3ww-s.akamaihd.net/ondemand/iad_2/552c/7db3/6711/4aae-96ef-225c65f8a7c4/2f960634-589d-4f1b-a71d-ca50196fd0bf.ism/QualityLevels(20000000)/Fragments(video=2782780000)
10:40:26.484 EXTRA: Ah oh!
RetryCount => 8
Exception  => The request was canceled due to the configured HttpClient.Timeout of 8 seconds elapsing.
Url        => http://avodsls3ww-s.akamaihd.net/ondemand/iad_2/552c/7db3/6711/4aae-96ef-225c65f8a7c4/2f960634-589d-4f1b-a71d-ca50196fd0bf.ism/QualityLevels(20000000)/Fragments(video=2842840000)
10:40:28.804 EXTRA: Ah oh!
RetryCount => 8
Exception  => The request was canceled due to the configured HttpClient.Timeout of 8 seconds elapsing.
Url        => http://avodsls3ww-s.akamaihd.net/ondemand/iad_2/552c/7db3/6711/4aae-96ef-225c65f8a7c4/2f960634-589d-4f1b-a71d-ca50196fd0bf.ism/QualityLevels(20000000)/Fragments(video=2882880000)
10:40:30.428 EXTRA: Ah oh!
RetryCount => 8
Exception  => The request was canceled due to the configured HttpClient.Timeout of 8 seconds elapsing.
Url        => http://avodsls3ww-s.akamaihd.net/ondemand/iad_2/552c/7db3/6711/4aae-96ef-225c65f8a7c4/2f960634-589d-4f1b-a71d-ca50196fd0bf.ism/QualityLevels(20000000)/Fragments(video=3003000000)
10:40:33.006 EXTRA: Ah oh!
RetryCount => 8
Exception  => The request was canceled due to the configured HttpClient.Timeout of 8 seconds elapsing.
Url        => http://avodsls3ww-s.akamaihd.net/ondemand/iad_2/552c/7db3/6711/4aae-96ef-225c65f8a7c4/2f960634-589d-4f1b-a71d-ca50196fd0bf.ism/QualityLevels(20000000)/Fragments(video=3043040000)
10:40:34.147 EXTRA: Ah oh!
RetryCount => 8
Exception  => The request was canceled due to the configured HttpClient.Timeout of 8 seconds elapsing.
Url        => http://avodsls3ww-s.akamaihd.net/ondemand/iad_2/552c/7db3/6711/4aae-96ef-225c65f8a7c4/2f960634-589d-4f1b-a71d-ca50196fd0bf.ism/QualityLevels(20000000)/Fragments(video=3063060000)
10:40:34.834 EXTRA: Ah oh!
RetryCount => 8
Exception  => The request was canceled due to the configured HttpClient.Timeout of 8 seconds elapsing.
Url        => http://avodsls3ww-s.akamaihd.net/ondemand/iad_2/552c/7db3/6711/4aae-96ef-225c65f8a7c4/2f960634-589d-4f1b-a71d-ca50196fd0bf.ism/QualityLevels(20000000)/Fragments(video=3083080000)
10:40:36.178 EXTRA: Ah oh!
RetryCount => 8
Exception  => The request was canceled due to the configured HttpClient.Timeout of 8 seconds elapsing.
Url        => http://avodsls3ww-s.akamaihd.net/ondemand/iad_2/552c/7db3/6711/4aae-96ef-225c65f8a7c4/2f960634-589d-4f1b-a71d-ca50196fd0bf.ism/QualityLevels(20000000)/Fragments(video=3143140000)
10:40:37.725 EXTRA: Ah oh!
RetryCount => 8
Exception  => The request was canceled due to the configured HttpClient.Timeout of 8 seconds elapsing.
Url        => http://avodsls3ww-s.akamaihd.net/ondemand/iad_2/552c/7db3/6711/4aae-96ef-225c65f8a7c4/2f960634-589d-4f1b-a71d-ca50196fd0bf.ism/QualityLevels(20000000)/Fragments(video=3183180000)
10:40:37.975 EXTRA: Ah oh!
RetryCount => 8
Exception  => The request was canceled due to the configured HttpClient.Timeout of 8 seconds elapsing.
Url        => http://avodsls3ww-s.akamaihd.net/ondemand/iad_2/552c/7db3/6711/4aae-96ef-225c65f8a7c4/2f960634-589d-4f1b-a71d-ca50196fd0bf.ism/QualityLevels(20000000)/Fragments(video=3203200000)
10:40:40.272 EXTRA: Ah oh!
RetryCount => 8
Exception  => The request was canceled due to the configured HttpClient.Timeout of 8 seconds elapsing.
Url        => http://avodsls3ww-s.akamaihd.net/ondemand/iad_2/552c/7db3/6711/4aae-96ef-225c65f8a7c4/2f960634-589d-4f1b-a71d-ca50196fd0bf.ism/QualityLevels(20000000)/Fragments(video=3303300000)
10:40:41.194 EXTRA: Ah oh!
RetryCount => 8
Exception  => The request was canceled due to the configured HttpClient.Timeout of 8 seconds elapsing.
Url        => http://avodsls3ww-s.akamaihd.net/ondemand/iad_2/552c/7db3/6711/4aae-96ef-225c65f8a7c4/2f960634-589d-4f1b-a71d-ca50196fd0bf.ism/QualityLevels(20000000)/Fragments(video=3343340000)
10:40:42.147 EXTRA: Ah oh!
RetryCount => 8
Exception  => The request was canceled due to the configured HttpClient.Timeout of 8 seconds elapsing.
Url        => http://avodsls3ww-s.akamaihd.net/ondemand/iad_2/552c/7db3/6711/4aae-96ef-225c65f8a7c4/2f960634-589d-4f1b-a71d-ca50196fd0bf.ism/QualityLevels(20000000)/Fragments(video=3363360000)
10:40:42.569 EXTRA: Ah oh!
RetryCount => 8
Exception  => The request was canceled due to the configured HttpClient.Timeout of 8 seconds elapsing.
Url        => http://avodsls3ww-s.akamaihd.net/ondemand/iad_2/552c/7db3/6711/4aae-96ef-225c65f8a7c4/2f960634-589d-4f1b-a71d-ca50196fd0bf.ism/QualityLevels(20000000)/Fragments(video=3403400000)
10:40:47.100 EXTRA: Ah oh!
RetryCount => 8
Exception  => The request was canceled due to the configured HttpClient.Timeout of 8 seconds elapsing.
Url        => http://avodsls3ww-s.akamaihd.net/ondemand/iad_2/552c/7db3/6711/4aae-96ef-225c65f8a7c4/2f960634-589d-4f1b-a71d-ca50196fd0bf.ism/QualityLevels(20000000)/Fragments(video=3563560000)
10:40:47.319 EXTRA: Ah oh!
RetryCount => 8
Exception  => The request was canceled due to the configured HttpClient.Timeout of 8 seconds elapsing.
Url        => http://avodsls3ww-s.akamaihd.net/ondemand/iad_2/552c/7db3/6711/4aae-96ef-225c65f8a7c4/2f960634-589d-4f1b-a71d-ca50196fd0bf.ism/QualityLevels(20000000)/Fragments(video=3603600000)
10:40:48.647 EXTRA: Ah oh!
RetryCount => 8
Exception  => The request was canceled due to the configured HttpClient.Timeout of 8 seconds elapsing.
Url        => http://avodsls3ww-s.akamaihd.net/ondemand/iad_2/552c/7db3/6711/4aae-96ef-225c65f8a7c4/2f960634-589d-4f1b-a71d-ca50196fd0bf.ism/QualityLevels(20000000)/Fragments(video=3643640000)
10:40:50.194 EXTRA: Ah oh!
RetryCount => 8
Exception  => The request was canceled due to the configured HttpClient.Timeout of 8 seconds elapsing.
Url        => http://avodsls3ww-s.akamaihd.net/ondemand/iad_2/552c/7db3/6711/4aae-96ef-225c65f8a7c4/2f960634-589d-4f1b-a71d-ca50196fd0bf.ism/QualityLevels(20000000)/Fragments(video=3703700000)
10:40:54.022 EXTRA: Ah oh!
RetryCount => 8
Exception  => The request was canceled due to the configured HttpClient.Timeout of 8 seconds elapsing.
Url        => http://avodsls3ww-s.akamaihd.net/ondemand/iad_2/552c/7db3/6711/4aae-96ef-225c65f8a7c4/2f960634-589d-4f1b-a71d-ca50196fd0bf.ism/QualityLevels(20000000)/Fragments(video=3763760000)
10:40:55.928 EXTRA: Ah oh!
RetryCount => 8
Exception  => The request was canceled due to the configured HttpClient.Timeout of 8 seconds elapsing.
Url        => http://avodsls3ww-s.akamaihd.net/ondemand/iad_2/552c/7db3/6711/4aae-96ef-225c65f8a7c4/2f960634-589d-4f1b-a71d-ca50196fd0bf.ism/QualityLevels(20000000)/Fragments(video=3823820000)
10:40:56.319 EXTRA: Ah oh!
RetryCount => 8
Exception  => The request was canceled due to the configured HttpClient.Timeout of 8 seconds elapsing.
Url        => http://avodsls3ww-s.akamaihd.net/ondemand/iad_2/552c/7db3/6711/4aae-96ef-225c65f8a7c4/2f960634-589d-4f1b-a71d-ca50196fd0bf.ism/QualityLevels(20000000)/Fragments(video=3843840000)
10:40:56.881 EXTRA: Ah oh!
RetryCount => 8
Exception  => The request was canceled due to the configured HttpClient.Timeout of 8 seconds elapsing.
Url        => http://avodsls3ww-s.akamaihd.net/ondemand/iad_2/552c/7db3/6711/4aae-96ef-225c65f8a7c4/2f960634-589d-4f1b-a71d-ca50196fd0bf.ism/QualityLevels(20000000)/Fragments(video=3883880000)
10:40:57.022 EXTRA: Ah oh!
RetryCount => 8
Exception  => The request was canceled due to the configured HttpClient.Timeout of 8 seconds elapsing.
Url        => http://avodsls3ww-s.akamaihd.net/ondemand/iad_2/552c/7db3/6711/4aae-96ef-225c65f8a7c4/2f960634-589d-4f1b-a71d-ca50196fd0bf.ism/QualityLevels(20000000)/Fragments(video=3923920000)
10:40:57.225 EXTRA: Ah oh!
RetryCount => 8
Exception  => The request was canceled due to the configured HttpClient.Timeout of 8 seconds elapsing.
Url        => http://avodsls3ww-s.akamaihd.net/ondemand/iad_2/552c/7db3/6711/4aae-96ef-225c65f8a7c4/2f960634-589d-4f1b-a71d-ca50196fd0bf.ism/QualityLevels(20000000)/Fragments(video=3943940000)
10:40:57.819 EXTRA: Ah oh!
RetryCount => 8
Exception  => The request was canceled due to the configured HttpClient.Timeout of 8 seconds elapsing.
Url        => http://avodsls3ww-s.akamaihd.net/ondemand/iad_2/552c/7db3/6711/4aae-96ef-225c65f8a7c4/2f960634-589d-4f1b-a71d-ca50196fd0bf.ism/QualityLevels(20000000)/Fragments(video=3963960000)
10:40:59.816 EXTRA: Ah oh!
RetryCount => 8
Exception  => The request was canceled due to the configured HttpClient.Timeout of 8 seconds elapsing.
Url        => http://avodsls3ww-s.akamaihd.net/ondemand/iad_2/552c/7db3/6711/4aae-96ef-225c65f8a7c4/2f960634-589d-4f1b-a71d-ca50196fd0bf.ism/QualityLevels(20000000)/Fragments(video=4004000000)
10:41:00.441 EXTRA: Ah oh!
RetryCount => 8
Exception  => The request was canceled due to the configured HttpClient.Timeout of 8 seconds elapsing.
Url        => http://avodsls3ww-s.akamaihd.net/ondemand/iad_2/552c/7db3/6711/4aae-96ef-225c65f8a7c4/2f960634-589d-4f1b-a71d-ca50196fd0bf.ism/QualityLevels(20000000)/Fragments(video=4024020000)
10:41:00.848 EXTRA: Ah oh!
RetryCount => 8
Exception  => The request was canceled due to the configured HttpClient.Timeout of 8 seconds elapsing.
Url        => http://avodsls3ww-s.akamaihd.net/ondemand/iad_2/552c/7db3/6711/4aae-96ef-225c65f8a7c4/2f960634-589d-4f1b-a71d-ca50196fd0bf.ism/QualityLevels(20000000)/Fragments(video=4064060000)
10:41:02.849 EXTRA: Ah oh!
RetryCount => 8
Exception  => The request was canceled due to the configured HttpClient.Timeout of 8 seconds elapsing.
Url        => http://avodsls3ww-s.akamaihd.net/ondemand/iad_2/552c/7db3/6711/4aae-96ef-225c65f8a7c4/2f960634-589d-4f1b-a71d-ca50196fd0bf.ism/QualityLevels(20000000)/Fragments(video=4124120000)
10:41:03.350 EXTRA: Ah oh!
RetryCount => 8
Exception  => The request was canceled due to the configured HttpClient.Timeout of 8 seconds elapsing.
Url        => http://avodsls3ww-s.akamaihd.net/ondemand/iad_2/552c/7db3/6711/4aae-96ef-225c65f8a7c4/2f960634-589d-4f1b-a71d-ca50196fd0bf.ism/QualityLevels(20000000)/Fragments(video=4164160000)
10:41:06.810 EXTRA: Ah oh!
RetryCount => 8
Exception  => The request was canceled due to the configured HttpClient.Timeout of 8 seconds elapsing.
Url        => http://avodsls3ww-s.akamaihd.net/ondemand/iad_2/552c/7db3/6711/4aae-96ef-225c65f8a7c4/2f960634-589d-4f1b-a71d-ca50196fd0bf.ism/QualityLevels(20000000)/Fragments(video=4284280000)
10:41:08.196 EXTRA: Ah oh!
RetryCount => 8
Exception  => The request was canceled due to the configured HttpClient.Timeout of 8 seconds elapsing.
Url        => http://avodsls3ww-s.akamaihd.net/ondemand/iad_2/552c/7db3/6711/4aae-96ef-225c65f8a7c4/2f960634-589d-4f1b-a71d-ca50196fd0bf.ism/QualityLevels(20000000)/Fragments(video=4344340000)
10:41:08.477 EXTRA: Ah oh!
RetryCount => 8
Exception  => The request was canceled due to the configured HttpClient.Timeout of 8 seconds elapsing.
Url        => http://avodsls3ww-s.akamaihd.net/ondemand/iad_2/552c/7db3/6711/4aae-96ef-225c65f8a7c4/2f960634-589d-4f1b-a71d-ca50196fd0bf.ism/QualityLevels(20000000)/Fragments(video=4364360000)
10:41:08.736 EXTRA: Ah oh!
RetryCount => 8
Exception  => The request was canceled due to the configured HttpClient.Timeout of 8 seconds elapsing.
Url        => http://avodsls3ww-s.akamaihd.net/ondemand/iad_2/552c/7db3/6711/4aae-96ef-225c65f8a7c4/2f960634-589d-4f1b-a71d-ca50196fd0bf.ism/QualityLevels(20000000)/Fragments(video=4384380000)
10:41:09.357 EXTRA: Ah oh!
RetryCount => 8
Exception  => The request was canceled due to the configured HttpClient.Timeout of 8 seconds elapsing.
Url        => http://avodsls3ww-s.akamaihd.net/ondemand/iad_2/552c/7db3/6711/4aae-96ef-225c65f8a7c4/2f960634-589d-4f1b-a71d-ca50196fd0bf.ism/QualityLevels(20000000)/Fragments(video=4404400000)
10:41:09.388 EXTRA: Ah oh!
RetryCount => 8
Exception  => The request was canceled due to the configured HttpClient.Timeout of 8 seconds elapsing.
Url        => http://avodsls3ww-s.akamaihd.net/ondemand/iad_2/552c/7db3/6711/4aae-96ef-225c65f8a7c4/2f960634-589d-4f1b-a71d-ca50196fd0bf.ism/QualityLevels(20000000)/Fragments(video=4424420000)
10:41:10.493 EXTRA: Ah oh!
RetryCount => 8
Exception  => The request was canceled due to the configured HttpClient.Timeout of 8 seconds elapsing.
Url        => http://avodsls3ww-s.akamaihd.net/ondemand/iad_2/552c/7db3/6711/4aae-96ef-225c65f8a7c4/2f960634-589d-4f1b-a71d-ca50196fd0bf.ism/QualityLevels(20000000)/Fragments(video=4464460000)
10:41:11.033 EXTRA: Ah oh!
RetryCount => 8
Exception  => The request was canceled due to the configured HttpClient.Timeout of 8 seconds elapsing.
Url        => http://avodsls3ww-s.akamaihd.net/ondemand/iad_2/552c/7db3/6711/4aae-96ef-225c65f8a7c4/2f960634-589d-4f1b-a71d-ca50196fd0bf.ism/QualityLevels(20000000)/Fragments(video=4524520000)
10:41:17.424 EXTRA: Ah oh!
RetryCount => 8
Exception  => The request was canceled due to the configured HttpClient.Timeout of 8 seconds elapsing.
Url        => http://avodsls3ww-s.akamaihd.net/ondemand/iad_2/552c/7db3/6711/4aae-96ef-225c65f8a7c4/2f960634-589d-4f1b-a71d-ca50196fd0bf.ism/QualityLevels(20000000)/Fragments(video=4664660000)
10:41:18.247 EXTRA: Ah oh!
RetryCount => 8
Exception  => The request was canceled due to the configured HttpClient.Timeout of 8 seconds elapsing.
Url        => http://avodsls3ww-s.akamaihd.net/ondemand/iad_2/552c/7db3/6711/4aae-96ef-225c65f8a7c4/2f960634-589d-4f1b-a71d-ca50196fd0bf.ism/QualityLevels(20000000)/Fragments(video=4684680000)
10:41:19.453 EXTRA: Ah oh!
RetryCount => 8
Exception  => The request was canceled due to the configured HttpClient.Timeout of 8 seconds elapsing.
Url        => http://avodsls3ww-s.akamaihd.net/ondemand/iad_2/552c/7db3/6711/4aae-96ef-225c65f8a7c4/2f960634-589d-4f1b-a71d-ca50196fd0bf.ism/QualityLevels(20000000)/Fragments(video=4704700000)
10:41:21.108 EXTRA: Ah oh!
RetryCount => 8
Exception  => The request was canceled due to the configured HttpClient.Timeout of 8 seconds elapsing.
Url        => http://avodsls3ww-s.akamaihd.net/ondemand/iad_2/552c/7db3/6711/4aae-96ef-225c65f8a7c4/2f960634-589d-4f1b-a71d-ca50196fd0bf.ism/QualityLevels(20000000)/Fragments(video=4744740000)
10:41:25.759 EXTRA: Ah oh!
RetryCount => 8
Exception  => The request was canceled due to the configured HttpClient.Timeout of 8 seconds elapsing.
Url        => http://avodsls3ww-s.akamaihd.net/ondemand/iad_2/552c/7db3/6711/4aae-96ef-225c65f8a7c4/2f960634-589d-4f1b-a71d-ca50196fd0bf.ism/QualityLevels(20000000)/Fragments(video=4844840000)
10:41:28.130 EXTRA: Ah oh!
RetryCount => 8
Exception  => The request was canceled due to the configured HttpClient.Timeout of 8 seconds elapsing.
Url        => http://avodsls3ww-s.akamaihd.net/ondemand/iad_2/552c/7db3/6711/4aae-96ef-225c65f8a7c4/2f960634-589d-4f1b-a71d-ca50196fd0bf.ism/QualityLevels(20000000)/Fragments(video=4904900000)
10:41:29.668 EXTRA: Ah oh!
RetryCount => 8
Exception  => The request was canceled due to the configured HttpClient.Timeout of 8 seconds elapsing.
Url        => http://avodsls3ww-s.akamaihd.net/ondemand/iad_2/552c/7db3/6711/4aae-96ef-225c65f8a7c4/2f960634-589d-4f1b-a71d-ca50196fd0bf.ism/QualityLevels(20000000)/Fragments(video=4924920000)
10:41:30.277 EXTRA: Ah oh!
RetryCount => 8
Exception  => The request was canceled due to the configured HttpClient.Timeout of 8 seconds elapsing.
Url        => http://avodsls3ww-s.akamaihd.net/ondemand/iad_2/552c/7db3/6711/4aae-96ef-225c65f8a7c4/2f960634-589d-4f1b-a71d-ca50196fd0bf.ism/QualityLevels(20000000)/Fragments(video=4944940000)
10:41:30.380 EXTRA: Ah oh!
RetryCount => 8
Exception  => The request was canceled due to the configured HttpClient.Timeout of 8 seconds elapsing.
Url        => http://avodsls3ww-s.akamaihd.net/ondemand/iad_2/552c/7db3/6711/4aae-96ef-225c65f8a7c4/2f960634-589d-4f1b-a71d-ca50196fd0bf.ism/QualityLevels(20000000)/Fragments(video=4964960000)
10:41:30.552 EXTRA: Ah oh!
RetryCount => 8
Exception  => The request was canceled due to the configured HttpClient.Timeout of 8 seconds elapsing.
Url        => http://avodsls3ww-s.akamaihd.net/ondemand/iad_2/552c/7db3/6711/4aae-96ef-225c65f8a7c4/2f960634-589d-4f1b-a71d-ca50196fd0bf.ism/QualityLevels(20000000)/Fragments(video=4984980000)
10:41:31.256 EXTRA: Ah oh!
RetryCount => 8
Exception  => The request was canceled due to the configured HttpClient.Timeout of 8 seconds elapsing.
Url        => http://avodsls3ww-s.akamaihd.net/ondemand/iad_2/552c/7db3/6711/4aae-96ef-225c65f8a7c4/2f960634-589d-4f1b-a71d-ca50196fd0bf.ism/QualityLevels(20000000)/Fragments(video=5005000000)
10:41:32.010 EXTRA: Ah oh!
RetryCount => 8
Exception  => The request was canceled due to the configured HttpClient.Timeout of 8 seconds elapsing.
Url        => http://avodsls3ww-s.akamaihd.net/ondemand/iad_2/552c/7db3/6711/4aae-96ef-225c65f8a7c4/2f960634-589d-4f1b-a71d-ca50196fd0bf.ism/QualityLevels(20000000)/Fragments(video=5025020000)
10:41:32.167 EXTRA: Ah oh!
RetryCount => 8
Exception  => The request was canceled due to the configured HttpClient.Timeout of 8 seconds elapsing.
Url        => http://avodsls3ww-s.akamaihd.net/ondemand/iad_2/552c/7db3/6711/4aae-96ef-225c65f8a7c4/2f960634-589d-4f1b-a71d-ca50196fd0bf.ism/QualityLevels(20000000)/Fragments(video=5065060000)
10:41:40.338 EXTRA: Ah oh!
RetryCount => 8
Exception  => The request was canceled due to the configured HttpClient.Timeout of 8 seconds elapsing.
Url        => http://avodsls3ww-s.akamaihd.net/ondemand/iad_2/552c/7db3/6711/4aae-96ef-225c65f8a7c4/2f960634-589d-4f1b-a71d-ca50196fd0bf.ism/QualityLevels(20000000)/Fragments(video=5265260000)
10:41:41.803 EXTRA: Ah oh!
RetryCount => 8
Exception  => The request was canceled due to the configured HttpClient.Timeout of 8 seconds elapsing.
Url        => http://avodsls3ww-s.akamaihd.net/ondemand/iad_2/552c/7db3/6711/4aae-96ef-225c65f8a7c4/2f960634-589d-4f1b-a71d-ca50196fd0bf.ism/QualityLevels(20000000)/Fragments(video=5285280000)
10:41:45.124 EXTRA: Ah oh!
RetryCount => 8
Exception  => The request was canceled due to the configured HttpClient.Timeout of 8 seconds elapsing.
Url        => http://avodsls3ww-s.akamaihd.net/ondemand/iad_2/552c/7db3/6711/4aae-96ef-225c65f8a7c4/2f960634-589d-4f1b-a71d-ca50196fd0bf.ism/QualityLevels(20000000)/Fragments(video=5345340000)
10:41:55.549 EXTRA: Ah oh!
RetryCount => 8
Exception  => The request was canceled due to the configured HttpClient.Timeout of 8 seconds elapsing.
Url        => http://avodsls3ww-s.akamaihd.net/ondemand/iad_2/552c/7db3/6711/4aae-96ef-225c65f8a7c4/2f960634-589d-4f1b-a71d-ca50196fd0bf.ism/QualityLevels(20000000)/Fragments(video=5465460000)
10:41:55.580 EXTRA: Ah oh!
RetryCount => 8
Exception  => The request was canceled due to the configured HttpClient.Timeout of 8 seconds elapsing.
Url        => http://avodsls3ww-s.akamaihd.net/ondemand/iad_2/552c/7db3/6711/4aae-96ef-225c65f8a7c4/2f960634-589d-4f1b-a71d-ca50196fd0bf.ism/QualityLevels(20000000)/Fragments(video=5485480000)
10:41:57.744 EXTRA: Ah oh!
RetryCount => 8
Exception  => The request was canceled due to the configured HttpClient.Timeout of 8 seconds elapsing.
Url        => http://avodsls3ww-s.akamaihd.net/ondemand/iad_2/552c/7db3/6711/4aae-96ef-225c65f8a7c4/2f960634-589d-4f1b-a71d-ca50196fd0bf.ism/QualityLevels(20000000)/Fragments(video=5505500000)
10:41:59.214 EXTRA: Ah oh!
RetryCount => 8
Exception  => The request was canceled due to the configured HttpClient.Timeout of 8 seconds elapsing.
Url        => http://avodsls3ww-s.akamaihd.net/ondemand/iad_2/552c/7db3/6711/4aae-96ef-225c65f8a7c4/2f960634-589d-4f1b-a71d-ca50196fd0bf.ism/QualityLevels(20000000)/Fragments(video=5525520000)
10:42:00.297 EXTRA: Ah oh!
RetryCount => 8
Exception  => The request was canceled due to the configured HttpClient.Timeout of 8 seconds elapsing.
Url        => http://avodsls3ww-s.akamaihd.net/ondemand/iad_2/552c/7db3/6711/4aae-96ef-225c65f8a7c4/2f960634-589d-4f1b-a71d-ca50196fd0bf.ism/QualityLevels(20000000)/Fragments(video=5545540000)
10:42:02.500 EXTRA: Ah oh!
RetryCount => 8
Exception  => The request was canceled due to the configured HttpClient.Timeout of 8 seconds elapsing.
Url        => http://avodsls3ww-s.akamaihd.net/ondemand/iad_2/552c/7db3/6711/4aae-96ef-225c65f8a7c4/2f960634-589d-4f1b-a71d-ca50196fd0bf.ism/QualityLevels(20000000)/Fragments(video=5605600000)
10:42:03.406 EXTRA: Ah oh!
RetryCount => 8
Exception  => The request was canceled due to the configured HttpClient.Timeout of 8 seconds elapsing.
Url        => http://avodsls3ww-s.akamaihd.net/ondemand/iad_2/552c/7db3/6711/4aae-96ef-225c65f8a7c4/2f960634-589d-4f1b-a71d-ca50196fd0bf.ism/QualityLevels(20000000)/Fragments(video=5625620000)
10:42:04.504 EXTRA: Ah oh!
RetryCount => 8
Exception  => The request was canceled due to the configured HttpClient.Timeout of 8 seconds elapsing.
Url        => http://avodsls3ww-s.akamaihd.net/ondemand/iad_2/552c/7db3/6711/4aae-96ef-225c65f8a7c4/2f960634-589d-4f1b-a71d-ca50196fd0bf.ism/QualityLevels(20000000)/Fragments(video=5645640000)
10:42:05.005 EXTRA: Ah oh!
RetryCount => 8
Exception  => The request was canceled due to the configured HttpClient.Timeout of 8 seconds elapsing.
Url        => http://avodsls3ww-s.akamaihd.net/ondemand/iad_2/552c/7db3/6711/4aae-96ef-225c65f8a7c4/2f960634-589d-4f1b-a71d-ca50196fd0bf.ism/QualityLevels(20000000)/Fragments(video=5665660000)
10:42:05.922 EXTRA: Ah oh!
RetryCount => 8
Exception  => The request was canceled due to the configured HttpClient.Timeout of 8 seconds elapsing.
Url        => http://avodsls3ww-s.akamaihd.net/ondemand/iad_2/552c/7db3/6711/4aae-96ef-225c65f8a7c4/2f960634-589d-4f1b-a71d-ca50196fd0bf.ism/QualityLevels(20000000)/Fragments(video=5765760000)
10:42:07.653 EXTRA: Ah oh!
RetryCount => 8
Exception  => The request was canceled due to the configured HttpClient.Timeout of 8 seconds elapsing.
Url        => http://avodsls3ww-s.akamaihd.net/ondemand/iad_2/552c/7db3/6711/4aae-96ef-225c65f8a7c4/2f960634-589d-4f1b-a71d-ca50196fd0bf.ism/QualityLevels(20000000)/Fragments(video=5825820000)
10:42:08.544 EXTRA: Ah oh!
RetryCount => 8
Exception  => The request was canceled due to the configured HttpClient.Timeout of 8 seconds elapsing.
Url        => http://avodsls3ww-s.akamaihd.net/ondemand/iad_2/552c/7db3/6711/4aae-96ef-225c65f8a7c4/2f960634-589d-4f1b-a71d-ca50196fd0bf.ism/QualityLevels(20000000)/Fragments(video=5845840000)
10:42:10.362 EXTRA: Ah oh!
RetryCount => 8
Exception  => The request was canceled due to the configured HttpClient.Timeout of 8 seconds elapsing.
Url        => http://avodsls3ww-s.akamaihd.net/ondemand/iad_2/552c/7db3/6711/4aae-96ef-225c65f8a7c4/2f960634-589d-4f1b-a71d-ca50196fd0bf.ism/QualityLevels(20000000)/Fragments(video=5925920000)
10:42:10.952 EXTRA: Ah oh!
RetryCount => 8
Exception  => The request was canceled due to the configured HttpClient.Timeout of 8 seconds elapsing.
Url        => http://avodsls3ww-s.akamaihd.net/ondemand/iad_2/552c/7db3/6711/4aae-96ef-225c65f8a7c4/2f960634-589d-4f1b-a71d-ca50196fd0bf.ism/QualityLevels(20000000)/Fragments(video=5985980000)
10:42:11.722 EXTRA: Ah oh!
RetryCount => 8
Exception  => The request was canceled due to the configured HttpClient.Timeout of 8 seconds elapsing.
Url        => http://avodsls3ww-s.akamaihd.net/ondemand/iad_2/552c/7db3/6711/4aae-96ef-225c65f8a7c4/2f960634-589d-4f1b-a71d-ca50196fd0bf.ism/QualityLevels(20000000)/Fragments(video=6026020000)
10:42:12.980 EXTRA: Ah oh!
RetryCount => 8
Exception  => The request was canceled due to the configured HttpClient.Timeout of 8 seconds elapsing.
Url        => http://avodsls3ww-s.akamaihd.net/ondemand/iad_2/552c/7db3/6711/4aae-96ef-225c65f8a7c4/2f960634-589d-4f1b-a71d-ca50196fd0bf.ism/QualityLevels(20000000)/Fragments(video=6066060000)
10:42:14.037 EXTRA: Ah oh!
RetryCount => 8
Exception  => The request was canceled due to the configured HttpClient.Timeout of 8 seconds elapsing.
Url        => http://avodsls3ww-s.akamaihd.net/ondemand/iad_2/552c/7db3/6711/4aae-96ef-225c65f8a7c4/2f960634-589d-4f1b-a71d-ca50196fd0bf.ism/QualityLevels(20000000)/Fragments(video=6106100000)
10:42:16.781 EXTRA: Ah oh!
RetryCount => 8
Exception  => The request was canceled due to the configured HttpClient.Timeout of 8 seconds elapsing.
Url        => http://avodsls3ww-s.akamaihd.net/ondemand/iad_2/552c/7db3/6711/4aae-96ef-225c65f8a7c4/2f960634-589d-4f1b-a71d-ca50196fd0bf.ism/QualityLevels(20000000)/Fragments(video=6166160000)
10:42:16.825 EXTRA: Ah oh!
RetryCount => 8
Exception  => The request was canceled due to the configured HttpClient.Timeout of 8 seconds elapsing.
Url        => http://avodsls3ww-s.akamaihd.net/ondemand/iad_2/552c/7db3/6711/4aae-96ef-225c65f8a7c4/2f960634-589d-4f1b-a71d-ca50196fd0bf.ism/QualityLevels(20000000)/Fragments(video=6186180000)
10:42:21.565 EXTRA: Ah oh!
RetryCount => 8
Exception  => The request was canceled due to the configured HttpClient.Timeout of 8 seconds elapsing.
Url        => http://avodsls3ww-s.akamaihd.net/ondemand/iad_2/552c/7db3/6711/4aae-96ef-225c65f8a7c4/2f960634-589d-4f1b-a71d-ca50196fd0bf.ism/QualityLevels(20000000)/Fragments(video=6246240000)
10:42:28.835 EXTRA: Ah oh!
RetryCount => 8
Exception  => The request was canceled due to the configured HttpClient.Timeout of 8 seconds elapsing.
Url        => http://avodsls3ww-s.akamaihd.net/ondemand/iad_2/552c/7db3/6711/4aae-96ef-225c65f8a7c4/2f960634-589d-4f1b-a71d-ca50196fd0bf.ism/QualityLevels(20000000)/Fragments(video=6326320000)
10:42:28.882 EXTRA: Ah oh!
RetryCount => 8
Exception  => The request was canceled due to the configured HttpClient.Timeout of 8 seconds elapsing.
Url        => http://avodsls3ww-s.akamaihd.net/ondemand/iad_2/552c/7db3/6711/4aae-96ef-225c65f8a7c4/2f960634-589d-4f1b-a71d-ca50196fd0bf.ism/QualityLevels(20000000)/Fragments(video=6346340000)
10:42:30.807 EXTRA: Ah oh!
RetryCount => 8
Exception  => The request was canceled due to the configured HttpClient.Timeout of 8 seconds elapsing.
Url        => http://avodsls3ww-s.akamaihd.net/ondemand/iad_2/552c/7db3/6711/4aae-96ef-225c65f8a7c4/2f960634-589d-4f1b-a71d-ca50196fd0bf.ism/QualityLevels(20000000)/Fragments(video=6406400000)
10:42:33.367 EXTRA: Ah oh!
RetryCount => 8
Exception  => The request was canceled due to the configured HttpClient.Timeout of 8 seconds elapsing.
Url        => http://avodsls3ww-s.akamaihd.net/ondemand/iad_2/552c/7db3/6711/4aae-96ef-225c65f8a7c4/2f960634-589d-4f1b-a71d-ca50196fd0bf.ism/QualityLevels(20000000)/Fragments(video=6426420000)
10:42:35.372 EXTRA: Ah oh!
RetryCount => 8
Exception  => The request was canceled due to the configured HttpClient.Timeout of 8 seconds elapsing.
Url        => http://avodsls3ww-s.akamaihd.net/ondemand/iad_2/552c/7db3/6711/4aae-96ef-225c65f8a7c4/2f960634-589d-4f1b-a71d-ca50196fd0bf.ism/QualityLevels(20000000)/Fragments(video=6486480000)
10:42:37.290 EXTRA: Ah oh!
RetryCount => 8
Exception  => The request was canceled due to the configured HttpClient.Timeout of 8 seconds elapsing.
Url        => http://avodsls3ww-s.akamaihd.net/ondemand/iad_2/552c/7db3/6711/4aae-96ef-225c65f8a7c4/2f960634-589d-4f1b-a71d-ca50196fd0bf.ism/QualityLevels(20000000)/Fragments(video=6546540000)
10:42:40.558 EXTRA: Ah oh!
RetryCount => 8
Exception  => The request was canceled due to the configured HttpClient.Timeout of 8 seconds elapsing.
Url        => http://avodsls3ww-s.akamaihd.net/ondemand/iad_2/552c/7db3/6711/4aae-96ef-225c65f8a7c4/2f960634-589d-4f1b-a71d-ca50196fd0bf.ism/QualityLevels(20000000)/Fragments(video=6606600000)
10:42:46.149 EXTRA: Ah oh!
RetryCount => 8
Exception  => The request was canceled due to the configured HttpClient.Timeout of 8 seconds elapsing.
Url        => http://avodsls3ww-s.akamaihd.net/ondemand/iad_2/552c/7db3/6711/4aae-96ef-225c65f8a7c4/2f960634-589d-4f1b-a71d-ca50196fd0bf.ism/QualityLevels(20000000)/Fragments(video=6646640000)
10:42:46.180 EXTRA: Ah oh!
RetryCount => 8
Exception  => The request was canceled due to the configured HttpClient.Timeout of 8 seconds elapsing.
Url        => http://avodsls3ww-s.akamaihd.net/ondemand/iad_2/552c/7db3/6711/4aae-96ef-225c65f8a7c4/2f960634-589d-4f1b-a71d-ca50196fd0bf.ism/QualityLevels(20000000)/Fragments(video=6666660000)
10:42:46.383 EXTRA: Ah oh!
RetryCount => 8
Exception  => The request was canceled due to the configured HttpClient.Timeout of 8 seconds elapsing.
Url        => http://avodsls3ww-s.akamaihd.net/ondemand/iad_2/552c/7db3/6711/4aae-96ef-225c65f8a7c4/2f960634-589d-4f1b-a71d-ca50196fd0bf.ism/QualityLevels(20000000)/Fragments(video=6686680000)
10:42:46.540 EXTRA: Ah oh!
RetryCount => 8
Exception  => The request was canceled due to the configured HttpClient.Timeout of 8 seconds elapsing.
Url        => http://avodsls3ww-s.akamaihd.net/ondemand/iad_2/552c/7db3/6711/4aae-96ef-225c65f8a7c4/2f960634-589d-4f1b-a71d-ca50196fd0bf.ism/QualityLevels(20000000)/Fragments(video=6726720000)
10:42:46.665 EXTRA: Ah oh!
RetryCount => 8
Exception  => The request was canceled due to the configured HttpClient.Timeout of 8 seconds elapsing.
Url        => http://avodsls3ww-s.akamaihd.net/ondemand/iad_2/552c/7db3/6711/4aae-96ef-225c65f8a7c4/2f960634-589d-4f1b-a71d-ca50196fd0bf.ism/QualityLevels(20000000)/Fragments(video=6746740000)
10:42:46.940 EXTRA: Ah oh!
RetryCount => 8
Exception  => The request was canceled due to the configured HttpClient.Timeout of 8 seconds elapsing.
Url        => http://avodsls3ww-s.akamaihd.net/ondemand/iad_2/552c/7db3/6711/4aae-96ef-225c65f8a7c4/2f960634-589d-4f1b-a71d-ca50196fd0bf.ism/QualityLevels(20000000)/Fragments(video=6766760000)
10:42:50.435 EXTRA: Ah oh!
RetryCount => 8
Exception  => The request was canceled due to the configured HttpClient.Timeout of 8 seconds elapsing.
Url        => http://avodsls3ww-s.akamaihd.net/ondemand/iad_2/552c/7db3/6711/4aae-96ef-225c65f8a7c4/2f960634-589d-4f1b-a71d-ca50196fd0bf.ism/QualityLevels(20000000)/Fragments(video=6826820000)
10:42:52.504 EXTRA: Ah oh!
RetryCount => 8
Exception  => The request was canceled due to the configured HttpClient.Timeout of 8 seconds elapsing.
Url        => http://avodsls3ww-s.akamaihd.net/ondemand/iad_2/552c/7db3/6711/4aae-96ef-225c65f8a7c4/2f960634-589d-4f1b-a71d-ca50196fd0bf.ism/QualityLevels(20000000)/Fragments(video=6846840000)
10:42:54.868 EXTRA: Ah oh!
RetryCount => 8
Exception  => The request was canceled due to the configured HttpClient.Timeout of 8 seconds elapsing.
Url        => http://avodsls3ww-s.akamaihd.net/ondemand/iad_2/552c/7db3/6711/4aae-96ef-225c65f8a7c4/2f960634-589d-4f1b-a71d-ca50196fd0bf.ism/QualityLevels(20000000)/Fragments(video=6946940000)
10:42:56.897 EXTRA: Ah oh!
RetryCount => 8
Exception  => The request was canceled due to the configured HttpClient.Timeout of 8 seconds elapsing.
Url        => http://avodsls3ww-s.akamaihd.net/ondemand/iad_2/552c/7db3/6711/4aae-96ef-225c65f8a7c4/2f960634-589d-4f1b-a71d-ca50196fd0bf.ism/QualityLevels(20000000)/Fragments(video=6986980000)
10:42:57.288 EXTRA: Ah oh!
RetryCount => 8
Exception  => The request was canceled due to the configured HttpClient.Timeout of 8 seconds elapsing.
Url        => http://avodsls3ww-s.akamaihd.net/ondemand/iad_2/552c/7db3/6711/4aae-96ef-225c65f8a7c4/2f960634-589d-4f1b-a71d-ca50196fd0bf.ism/QualityLevels(20000000)/Fragments(video=7007000000)
10:42:59.032 EXTRA: Ah oh!
RetryCount => 8
Exception  => The request was canceled due to the configured HttpClient.Timeout of 8 seconds elapsing.
Url        => http://avodsls3ww-s.akamaihd.net/ondemand/iad_2/552c/7db3/6711/4aae-96ef-225c65f8a7c4/2f960634-589d-4f1b-a71d-ca50196fd0bf.ism/QualityLevels(20000000)/Fragments(video=7127120000)
10:43:00.120 EXTRA: Ah oh!
RetryCount => 8
Exception  => The request was canceled due to the configured HttpClient.Timeout of 8 seconds elapsing.
Url        => http://avodsls3ww-s.akamaihd.net/ondemand/iad_2/552c/7db3/6711/4aae-96ef-225c65f8a7c4/2f960634-589d-4f1b-a71d-ca50196fd0bf.ism/QualityLevels(20000000)/Fragments(video=7167160000)
10:43:03.308 EXTRA: Ah oh!
RetryCount => 8
Exception  => The request was canceled due to the configured HttpClient.Timeout of 8 seconds elapsing.
Url        => http://avodsls3ww-s.akamaihd.net/ondemand/iad_2/552c/7db3/6711/4aae-96ef-225c65f8a7c4/2f960634-589d-4f1b-a71d-ca50196fd0bf.ism/QualityLevels(20000000)/Fragments(video=7227220000)
10:43:05.320 EXTRA: Ah oh!
RetryCount => 8
Exception  => The request was canceled due to the configured HttpClient.Timeout of 8 seconds elapsing.
Url        => http://avodsls3ww-s.akamaihd.net/ondemand/iad_2/552c/7db3/6711/4aae-96ef-225c65f8a7c4/2f960634-589d-4f1b-a71d-ca50196fd0bf.ism/QualityLevels(20000000)/Fragments(video=7287280000)
10:43:06.567 EXTRA: Ah oh!
RetryCount => 8
Exception  => The request was canceled due to the configured HttpClient.Timeout of 8 seconds elapsing.
Url        => http://avodsls3ww-s.akamaihd.net/ondemand/iad_2/552c/7db3/6711/4aae-96ef-225c65f8a7c4/2f960634-589d-4f1b-a71d-ca50196fd0bf.ism/QualityLevels(20000000)/Fragments(video=7327320000)
10:43:11.675 EXTRA: Ah oh!
RetryCount => 8
Exception  => The request was canceled due to the configured HttpClient.Timeout of 8 seconds elapsing.
Url        => http://avodsls3ww-s.akamaihd.net/ondemand/iad_2/552c/7db3/6711/4aae-96ef-225c65f8a7c4/2f960634-589d-4f1b-a71d-ca50196fd0bf.ism/QualityLevels(20000000)/Fragments(video=7407400000)
10:43:14.129 EXTRA: Ah oh!
RetryCount => 8
Exception  => The request was canceled due to the configured HttpClient.Timeout of 8 seconds elapsing.
Url        => http://avodsls3ww-s.akamaihd.net/ondemand/iad_2/552c/7db3/6711/4aae-96ef-225c65f8a7c4/2f960634-589d-4f1b-a71d-ca50196fd0bf.ism/QualityLevels(20000000)/Fragments(video=7487480000)
10:43:14.770 EXTRA: Ah oh!
RetryCount => 8
Exception  => The request was canceled due to the configured HttpClient.Timeout of 8 seconds elapsing.
Url        => http://avodsls3ww-s.akamaihd.net/ondemand/iad_2/552c/7db3/6711/4aae-96ef-225c65f8a7c4/2f960634-589d-4f1b-a71d-ca50196fd0bf.ism/QualityLevels(20000000)/Fragments(video=7507500000)
10:43:15.750 EXTRA: Ah oh!
RetryCount => 8
Exception  => The request was canceled due to the configured HttpClient.Timeout of 8 seconds elapsing.
Url        => http://avodsls3ww-s.akamaihd.net/ondemand/iad_2/552c/7db3/6711/4aae-96ef-225c65f8a7c4/2f960634-589d-4f1b-a71d-ca50196fd0bf.ism/QualityLevels(20000000)/Fragments(video=7547540000)
10:43:16.853 EXTRA: Ah oh!
RetryCount => 8
Exception  => The request was canceled due to the configured HttpClient.Timeout of 8 seconds elapsing.
Url        => http://avodsls3ww-s.akamaihd.net/ondemand/iad_2/552c/7db3/6711/4aae-96ef-225c65f8a7c4/2f960634-589d-4f1b-a71d-ca50196fd0bf.ism/QualityLevels(20000000)/Fragments(video=7607600000)
10:43:16.868 EXTRA: Ah oh!
RetryCount => 8
Exception  => The request was canceled due to the configured HttpClient.Timeout of 8 seconds elapsing.
Url        => http://avodsls3ww-s.akamaihd.net/ondemand/iad_2/552c/7db3/6711/4aae-96ef-225c65f8a7c4/2f960634-589d-4f1b-a71d-ca50196fd0bf.ism/QualityLevels(20000000)/Fragments(video=7627620000)
10:43:16.899 EXTRA: Ah oh!
RetryCount => 8
Exception  => The request was canceled due to the configured HttpClient.Timeout of 8 seconds elapsing.
Url        => http://avodsls3ww-s.akamaihd.net/ondemand/iad_2/552c/7db3/6711/4aae-96ef-225c65f8a7c4/2f960634-589d-4f1b-a71d-ca50196fd0bf.ism/QualityLevels(20000000)/Fragments(video=7647640000)
10:43:22.048 EXTRA: Ah oh!
RetryCount => 8
Exception  => The request was canceled due to the configured HttpClient.Timeout of 8 seconds elapsing.
Url        => http://avodsls3ww-s.akamaihd.net/ondemand/iad_2/552c/7db3/6711/4aae-96ef-225c65f8a7c4/2f960634-589d-4f1b-a71d-ca50196fd0bf.ism/QualityLevels(20000000)/Fragments(video=7787780000)
10:43:27.463 EXTRA: Ah oh!
RetryCount => 8
Exception  => The request was canceled due to the configured HttpClient.Timeout of 8 seconds elapsing.
Url        => http://avodsls3ww-s.akamaihd.net/ondemand/iad_2/552c/7db3/6711/4aae-96ef-225c65f8a7c4/2f960634-589d-4f1b-a71d-ca50196fd0bf.ism/QualityLevels(20000000)/Fragments(video=7867860000)
10:43:33.061 EXTRA: Ah oh!
RetryCount => 8
Exception  => The request was canceled due to the configured HttpClient.Timeout of 8 seconds elapsing.
Url        => http://avodsls3ww-s.akamaihd.net/ondemand/iad_2/552c/7db3/6711/4aae-96ef-225c65f8a7c4/2f960634-589d-4f1b-a71d-ca50196fd0bf.ism/QualityLevels(20000000)/Fragments(video=7987980000)
10:43:38.000 EXTRA: Ah oh!
RetryCount => 8
Exception  => The request was canceled due to the configured HttpClient.Timeout of 8 seconds elapsing.
Url        => http://avodsls3ww-s.akamaihd.net/ondemand/iad_2/552c/7db3/6711/4aae-96ef-225c65f8a7c4/2f960634-589d-4f1b-a71d-ca50196fd0bf.ism/QualityLevels(20000000)/Fragments(video=8148140000)
10:43:40.626 EXTRA: Ah oh!
RetryCount => 8
Exception  => The request was canceled due to the configured HttpClient.Timeout of 8 seconds elapsing.
Url        => http://avodsls3ww-s.akamaihd.net/ondemand/iad_2/552c/7db3/6711/4aae-96ef-225c65f8a7c4/2f960634-589d-4f1b-a71d-ca50196fd0bf.ism/QualityLevels(20000000)/Fragments(video=8208200000)
10:43:43.864 EXTRA: Ah oh!
RetryCount => 8
Exception  => The request was canceled due to the configured HttpClient.Timeout of 8 seconds elapsing.
Url        => http://avodsls3ww-s.akamaihd.net/ondemand/iad_2/552c/7db3/6711/4aae-96ef-225c65f8a7c4/2f960634-589d-4f1b-a71d-ca50196fd0bf.ism/QualityLevels(20000000)/Fragments(video=8308300000)
10:43:44.897 EXTRA: Ah oh!
RetryCount => 8
Exception  => The request was canceled due to the configured HttpClient.Timeout of 8 seconds elapsing.
Url        => http://avodsls3ww-s.akamaihd.net/ondemand/iad_2/552c/7db3/6711/4aae-96ef-225c65f8a7c4/2f960634-589d-4f1b-a71d-ca50196fd0bf.ism/QualityLevels(20000000)/Fragments(video=8348340000)
10:43:46.228 EXTRA: Ah oh!
RetryCount => 8
Exception  => The request was canceled due to the configured HttpClient.Timeout of 8 seconds elapsing.
Url        => http://avodsls3ww-s.akamaihd.net/ondemand/iad_2/552c/7db3/6711/4aae-96ef-225c65f8a7c4/2f960634-589d-4f1b-a71d-ca50196fd0bf.ism/QualityLevels(20000000)/Fragments(video=8408400000)
10:43:47.905 EXTRA: Ah oh!
RetryCount => 8
Exception  => The request was canceled due to the configured HttpClient.Timeout of 8 seconds elapsing.
Url        => http://avodsls3ww-s.akamaihd.net/ondemand/iad_2/552c/7db3/6711/4aae-96ef-225c65f8a7c4/2f960634-589d-4f1b-a71d-ca50196fd0bf.ism/QualityLevels(20000000)/Fragments(video=8448440000)
10:43:49.732 EXTRA: Ah oh!
RetryCount => 8
Exception  => The request was canceled due to the configured HttpClient.Timeout of 8 seconds elapsing.
Url        => http://avodsls3ww-s.akamaihd.net/ondemand/iad_2/552c/7db3/6711/4aae-96ef-225c65f8a7c4/2f960634-589d-4f1b-a71d-ca50196fd0bf.ism/QualityLevels(20000000)/Fragments(video=8528520000)
10:43:49.748 EXTRA: Ah oh!
RetryCount => 8
Exception  => The request was canceled due to the configured HttpClient.Timeout of 8 seconds elapsing.
Url        => http://avodsls3ww-s.akamaihd.net/ondemand/iad_2/552c/7db3/6711/4aae-96ef-225c65f8a7c4/2f960634-589d-4f1b-a71d-ca50196fd0bf.ism/QualityLevels(20000000)/Fragments(video=8548540000)
10:43:56.796 EXTRA: Ah oh!
RetryCount => 8
Exception  => The request was canceled due to the configured HttpClient.Timeout of 8 seconds elapsing.
Url        => http://avodsls3ww-s.akamaihd.net/ondemand/iad_2/552c/7db3/6711/4aae-96ef-225c65f8a7c4/2f960634-589d-4f1b-a71d-ca50196fd0bf.ism/QualityLevels(20000000)/Fragments(video=8648640000)
10:44:00.502 EXTRA: Ah oh!
RetryCount => 8
Exception  => The request was canceled due to the configured HttpClient.Timeout of 8 seconds elapsing.
Url        => http://avodsls3ww-s.akamaihd.net/ondemand/iad_2/552c/7db3/6711/4aae-96ef-225c65f8a7c4/2f960634-589d-4f1b-a71d-ca50196fd0bf.ism/QualityLevels(20000000)/Fragments(video=8708700000)
10:44:02.378 EXTRA: Ah oh!
RetryCount => 8
Exception  => The request was canceled due to the configured HttpClient.Timeout of 8 seconds elapsing.
Url        => http://avodsls3ww-s.akamaihd.net/ondemand/iad_2/552c/7db3/6711/4aae-96ef-225c65f8a7c4/2f960634-589d-4f1b-a71d-ca50196fd0bf.ism/QualityLevels(20000000)/Fragments(video=8748740000)
10:44:03.014 EXTRA: Ah oh!
RetryCount => 8
Exception  => The request was canceled due to the configured HttpClient.Timeout of 8 seconds elapsing.
Url        => http://avodsls3ww-s.akamaihd.net/ondemand/iad_2/552c/7db3/6711/4aae-96ef-225c65f8a7c4/2f960634-589d-4f1b-a71d-ca50196fd0bf.ism/QualityLevels(20000000)/Fragments(video=8768760000)
10:44:03.373 EXTRA: Ah oh!
RetryCount => 8
Exception  => The request was canceled due to the configured HttpClient.Timeout of 8 seconds elapsing.
Url        => http://avodsls3ww-s.akamaihd.net/ondemand/iad_2/552c/7db3/6711/4aae-96ef-225c65f8a7c4/2f960634-589d-4f1b-a71d-ca50196fd0bf.ism/QualityLevels(20000000)/Fragments(video=8808800000)
10:44:03.900 EXTRA: Ah oh!
RetryCount => 8
Exception  => The request was canceled due to the configured HttpClient.Timeout of 8 seconds elapsing.
Url        => http://avodsls3ww-s.akamaihd.net/ondemand/iad_2/552c/7db3/6711/4aae-96ef-225c65f8a7c4/2f960634-589d-4f1b-a71d-ca50196fd0bf.ism/QualityLevels(20000000)/Fragments(video=8828820000)
10:44:05.559 EXTRA: Ah oh!
RetryCount => 8
Exception  => The request was canceled due to the configured HttpClient.Timeout of 8 seconds elapsing.
Url        => http://avodsls3ww-s.akamaihd.net/ondemand/iad_2/552c/7db3/6711/4aae-96ef-225c65f8a7c4/2f960634-589d-4f1b-a71d-ca50196fd0bf.ism/QualityLevels(20000000)/Fragments(video=8868860000)
10:44:05.574 EXTRA: Ah oh!
RetryCount => 8
Exception  => The request was canceled due to the configured HttpClient.Timeout of 8 seconds elapsing.
Url        => http://avodsls3ww-s.akamaihd.net/ondemand/iad_2/552c/7db3/6711/4aae-96ef-225c65f8a7c4/2f960634-589d-4f1b-a71d-ca50196fd0bf.ism/QualityLevels(20000000)/Fragments(video=8888880000)
10:44:06.335 EXTRA: Ah oh!
RetryCount => 8
Exception  => The request was canceled due to the configured HttpClient.Timeout of 8 seconds elapsing.
Url        => http://avodsls3ww-s.akamaihd.net/ondemand/iad_2/552c/7db3/6711/4aae-96ef-225c65f8a7c4/2f960634-589d-4f1b-a71d-ca50196fd0bf.ism/QualityLevels(20000000)/Fragments(video=8928920000)
10:44:06.366 EXTRA: Ah oh!
RetryCount => 8
Exception  => The request was canceled due to the configured HttpClient.Timeout of 8 seconds elapsing.
Url        => http://avodsls3ww-s.akamaihd.net/ondemand/iad_2/552c/7db3/6711/4aae-96ef-225c65f8a7c4/2f960634-589d-4f1b-a71d-ca50196fd0bf.ism/QualityLevels(20000000)/Fragments(video=8948940000)
10:44:07.361 EXTRA: Ah oh!
RetryCount => 8
Exception  => The request was canceled due to the configured HttpClient.Timeout of 8 seconds elapsing.
Url        => http://avodsls3ww-s.akamaihd.net/ondemand/iad_2/552c/7db3/6711/4aae-96ef-225c65f8a7c4/2f960634-589d-4f1b-a71d-ca50196fd0bf.ism/QualityLevels(20000000)/Fragments(video=8968960000)
10:44:07.423 EXTRA: Ah oh!
RetryCount => 8
Exception  => The request was canceled due to the configured HttpClient.Timeout of 8 seconds elapsing.
Url        => http://avodsls3ww-s.akamaihd.net/ondemand/iad_2/552c/7db3/6711/4aae-96ef-225c65f8a7c4/2f960634-589d-4f1b-a71d-ca50196fd0bf.ism/QualityLevels(20000000)/Fragments(video=8988980000)
10:44:07.862 EXTRA: Ah oh!
RetryCount => 8
Exception  => The request was canceled due to the configured HttpClient.Timeout of 8 seconds elapsing.
Url        => http://avodsls3ww-s.akamaihd.net/ondemand/iad_2/552c/7db3/6711/4aae-96ef-225c65f8a7c4/2f960634-589d-4f1b-a71d-ca50196fd0bf.ism/QualityLevels(20000000)/Fragments(video=9049040000)
10:44:07.862 EXTRA: Ah oh!
RetryCount => 8
Exception  => The request was canceled due to the configured HttpClient.Timeout of 8 seconds elapsing.
Url        => http://avodsls3ww-s.akamaihd.net/ondemand/iad_2/552c/7db3/6711/4aae-96ef-225c65f8a7c4/2f960634-589d-4f1b-a71d-ca50196fd0bf.ism/QualityLevels(20000000)/Fragments(video=9029020000)
10:44:08.018 EXTRA: Ah oh!
RetryCount => 8
Exception  => The request was canceled due to the configured HttpClient.Timeout of 8 seconds elapsing.
Url        => http://avodsls3ww-s.akamaihd.net/ondemand/iad_2/552c/7db3/6711/4aae-96ef-225c65f8a7c4/2f960634-589d-4f1b-a71d-ca50196fd0bf.ism/QualityLevels(20000000)/Fragments(video=9069060000)
10:44:08.434 EXTRA: Ah oh!
RetryCount => 8
Exception  => The request was canceled due to the configured HttpClient.Timeout of 8 seconds elapsing.
Url        => http://avodsls3ww-s.akamaihd.net/ondemand/iad_2/552c/7db3/6711/4aae-96ef-225c65f8a7c4/2f960634-589d-4f1b-a71d-ca50196fd0bf.ism/QualityLevels(20000000)/Fragments(video=9089080000)
10:44:08.764 EXTRA: Ah oh!
RetryCount => 8
Exception  => The request was canceled due to the configured HttpClient.Timeout of 8 seconds elapsing.
Url        => http://avodsls3ww-s.akamaihd.net/ondemand/iad_2/552c/7db3/6711/4aae-96ef-225c65f8a7c4/2f960634-589d-4f1b-a71d-ca50196fd0bf.ism/QualityLevels(20000000)/Fragments(video=9109100000)
10:44:09.045 EXTRA: Ah oh!
RetryCount => 8
Exception  => The request was canceled due to the configured HttpClient.Timeout of 8 seconds elapsing.
Url        => http://avodsls3ww-s.akamaihd.net/ondemand/iad_2/552c/7db3/6711/4aae-96ef-225c65f8a7c4/2f960634-589d-4f1b-a71d-ca50196fd0bf.ism/QualityLevels(20000000)/Fragments(video=9129120000)
10:44:09.232 EXTRA: Ah oh!
RetryCount => 8
Exception  => The request was canceled due to the configured HttpClient.Timeout of 8 seconds elapsing.
Url        => http://avodsls3ww-s.akamaihd.net/ondemand/iad_2/552c/7db3/6711/4aae-96ef-225c65f8a7c4/2f960634-589d-4f1b-a71d-ca50196fd0bf.ism/QualityLevels(20000000)/Fragments(video=9149140000)
10:44:10.806 EXTRA: Ah oh!
RetryCount => 8
Exception  => The request was canceled due to the configured HttpClient.Timeout of 8 seconds elapsing.
Url        => http://avodsls3ww-s.akamaihd.net/ondemand/iad_2/552c/7db3/6711/4aae-96ef-225c65f8a7c4/2f960634-589d-4f1b-a71d-ca50196fd0bf.ism/QualityLevels(20000000)/Fragments(video=9189180000)
10:44:13.295 EXTRA: Ah oh!
RetryCount => 8
Exception  => The request was canceled due to the configured HttpClient.Timeout of 8 seconds elapsing.
Url        => http://avodsls3ww-s.akamaihd.net/ondemand/iad_2/552c/7db3/6711/4aae-96ef-225c65f8a7c4/2f960634-589d-4f1b-a71d-ca50196fd0bf.ism/QualityLevels(20000000)/Fragments(video=9249240000)
10:44:14.368 EXTRA: Ah oh!
RetryCount => 8
Exception  => The request was canceled due to the configured HttpClient.Timeout of 8 seconds elapsing.
Url        => http://avodsls3ww-s.akamaihd.net/ondemand/iad_2/552c/7db3/6711/4aae-96ef-225c65f8a7c4/2f960634-589d-4f1b-a71d-ca50196fd0bf.ism/QualityLevels(20000000)/Fragments(video=9269260000)
10:44:16.862 EXTRA: Ah oh!
RetryCount => 8
Exception  => The request was canceled due to the configured HttpClient.Timeout of 8 seconds elapsing.
Url        => http://avodsls3ww-s.akamaihd.net/ondemand/iad_2/552c/7db3/6711/4aae-96ef-225c65f8a7c4/2f960634-589d-4f1b-a71d-ca50196fd0bf.ism/QualityLevels(20000000)/Fragments(video=9289280000)
10:44:18.031 EXTRA: Ah oh!
RetryCount => 8
Exception  => The request was canceled due to the configured HttpClient.Timeout of 8 seconds elapsing.
Url        => http://avodsls3ww-s.akamaihd.net/ondemand/iad_2/552c/7db3/6711/4aae-96ef-225c65f8a7c4/2f960634-589d-4f1b-a71d-ca50196fd0bf.ism/QualityLevels(20000000)/Fragments(video=9349340000)
10:44:19.114 EXTRA: Ah oh!
RetryCount => 8
Exception  => The request was canceled due to the configured HttpClient.Timeout of 8 seconds elapsing.
Url        => http://avodsls3ww-s.akamaihd.net/ondemand/iad_2/552c/7db3/6711/4aae-96ef-225c65f8a7c4/2f960634-589d-4f1b-a71d-ca50196fd0bf.ism/QualityLevels(20000000)/Fragments(video=9389380000)
10:44:23.073 EXTRA: Ah oh!
RetryCount => 8
Exception  => The request was canceled due to the configured HttpClient.Timeout of 8 seconds elapsing.
Url        => http://avodsls3ww-s.akamaihd.net/ondemand/iad_2/552c/7db3/6711/4aae-96ef-225c65f8a7c4/2f960634-589d-4f1b-a71d-ca50196fd0bf.ism/QualityLevels(20000000)/Fragments(video=9409400000)
10:44:24.604 EXTRA: Ah oh!
RetryCount => 8
Exception  => The request was canceled due to the configured HttpClient.Timeout of 8 seconds elapsing.
Url        => http://avodsls3ww-s.akamaihd.net/ondemand/iad_2/552c/7db3/6711/4aae-96ef-225c65f8a7c4/2f960634-589d-4f1b-a71d-ca50196fd0bf.ism/QualityLevels(20000000)/Fragments(video=9489480000)
10:44:26.192 EXTRA: Ah oh!
RetryCount => 8
Exception  => The request was canceled due to the configured HttpClient.Timeout of 8 seconds elapsing.
Url        => http://avodsls3ww-s.akamaihd.net/ondemand/iad_2/552c/7db3/6711/4aae-96ef-225c65f8a7c4/2f960634-589d-4f1b-a71d-ca50196fd0bf.ism/QualityLevels(20000000)/Fragments(video=9549540000)
10:44:28.782 EXTRA: Ah oh!
RetryCount => 8
Exception  => The request was canceled due to the configured HttpClient.Timeout of 8 seconds elapsing.
Url        => http://avodsls3ww-s.akamaihd.net/ondemand/iad_2/552c/7db3/6711/4aae-96ef-225c65f8a7c4/2f960634-589d-4f1b-a71d-ca50196fd0bf.ism/QualityLevels(20000000)/Fragments(video=9649640000)
10:44:35.360 EXTRA: Ah oh!
RetryCount => 8
Exception  => The request was canceled due to the configured HttpClient.Timeout of 8 seconds elapsing.
Url        => http://avodsls3ww-s.akamaihd.net/ondemand/iad_2/552c/7db3/6711/4aae-96ef-225c65f8a7c4/2f960634-589d-4f1b-a71d-ca50196fd0bf.ism/QualityLevels(20000000)/Fragments(video=9809800000)
10:44:35.823 EXTRA: Ah oh!
RetryCount => 8
Exception  => The request was canceled due to the configured HttpClient.Timeout of 8 seconds elapsing.
Url        => http://avodsls3ww-s.akamaihd.net/ondemand/iad_2/552c/7db3/6711/4aae-96ef-225c65f8a7c4/2f960634-589d-4f1b-a71d-ca50196fd0bf.ism/QualityLevels(20000000)/Fragments(video=9829820000)
10:44:36.073 EXTRA: Ah oh!
RetryCount => 8
Exception  => The request was canceled due to the configured HttpClient.Timeout of 8 seconds elapsing.
Url        => http://avodsls3ww-s.akamaihd.net/ondemand/iad_2/552c/7db3/6711/4aae-96ef-225c65f8a7c4/2f960634-589d-4f1b-a71d-ca50196fd0bf.ism/QualityLevels(20000000)/Fragments(video=9849840000)
10:44:46.954 EXTRA: Ah oh!
RetryCount => 8
Exception  => The request was canceled due to the configured HttpClient.Timeout of 8 seconds elapsing.
Url        => http://avodsls3ww-s.akamaihd.net/ondemand/iad_2/552c/7db3/6711/4aae-96ef-225c65f8a7c4/2f960634-589d-4f1b-a71d-ca50196fd0bf.ism/QualityLevels(20000000)/Fragments(video=10070060000)
10:44:47.237 EXTRA: Ah oh!
RetryCount => 8
Exception  => The request was canceled due to the configured HttpClient.Timeout of 8 seconds elapsing.
Url        => http://avodsls3ww-s.akamaihd.net/ondemand/iad_2/552c/7db3/6711/4aae-96ef-225c65f8a7c4/2f960634-589d-4f1b-a71d-ca50196fd0bf.ism/QualityLevels(20000000)/Fragments(video=10090080000)
10:44:48.888 EXTRA: Ah oh!
RetryCount => 8
Exception  => The request was canceled due to the configured HttpClient.Timeout of 8 seconds elapsing.
Url        => http://avodsls3ww-s.akamaihd.net/ondemand/iad_2/552c/7db3/6711/4aae-96ef-225c65f8a7c4/2f960634-589d-4f1b-a71d-ca50196fd0bf.ism/QualityLevels(20000000)/Fragments(video=10110100000)
10:44:49.016 EXTRA: Ah oh!
RetryCount => 8
Exception  => The request was canceled due to the configured HttpClient.Timeout of 8 seconds elapsing.
Url        => http://avodsls3ww-s.akamaihd.net/ondemand/iad_2/552c/7db3/6711/4aae-96ef-225c65f8a7c4/2f960634-589d-4f1b-a71d-ca50196fd0bf.ism/QualityLevels(20000000)/Fragments(video=10130120000)
10:44:51.472 EXTRA: Ah oh!
RetryCount => 8
Exception  => The request was canceled due to the configured HttpClient.Timeout of 8 seconds elapsing.
Url        => http://avodsls3ww-s.akamaihd.net/ondemand/iad_2/552c/7db3/6711/4aae-96ef-225c65f8a7c4/2f960634-589d-4f1b-a71d-ca50196fd0bf.ism/QualityLevels(20000000)/Fragments(video=10190180000)
10:44:51.737 EXTRA: Ah oh!
RetryCount => 8
Exception  => The request was canceled due to the configured HttpClient.Timeout of 8 seconds elapsing.
Url        => http://avodsls3ww-s.akamaihd.net/ondemand/iad_2/552c/7db3/6711/4aae-96ef-225c65f8a7c4/2f960634-589d-4f1b-a71d-ca50196fd0bf.ism/QualityLevels(20000000)/Fragments(video=10210200000)
10:44:52.362 EXTRA: Ah oh!
RetryCount => 8
Exception  => The request was canceled due to the configured HttpClient.Timeout of 8 seconds elapsing.
Url        => http://avodsls3ww-s.akamaihd.net/ondemand/iad_2/552c/7db3/6711/4aae-96ef-225c65f8a7c4/2f960634-589d-4f1b-a71d-ca50196fd0bf.ism/QualityLevels(20000000)/Fragments(video=10250240000)
10:44:54.082 EXTRA: Ah oh!
RetryCount => 8
Exception  => The request was canceled due to the configured HttpClient.Timeout of 8 seconds elapsing.
Url        => http://avodsls3ww-s.akamaihd.net/ondemand/iad_2/552c/7db3/6711/4aae-96ef-225c65f8a7c4/2f960634-589d-4f1b-a71d-ca50196fd0bf.ism/QualityLevels(20000000)/Fragments(video=10330320000)
10:44:54.302 EXTRA: Ah oh!
RetryCount => 8
Exception  => The request was canceled due to the configured HttpClient.Timeout of 8 seconds elapsing.
Url        => http://avodsls3ww-s.akamaihd.net/ondemand/iad_2/552c/7db3/6711/4aae-96ef-225c65f8a7c4/2f960634-589d-4f1b-a71d-ca50196fd0bf.ism/QualityLevels(20000000)/Fragments(video=10350340000)
10:44:55.338 EXTRA: Ah oh!
RetryCount => 8
Exception  => The request was canceled due to the configured HttpClient.Timeout of 8 seconds elapsing.
Url        => http://avodsls3ww-s.akamaihd.net/ondemand/iad_2/552c/7db3/6711/4aae-96ef-225c65f8a7c4/2f960634-589d-4f1b-a71d-ca50196fd0bf.ism/QualityLevels(20000000)/Fragments(video=10390380000)
10:44:56.036 EXTRA: Ah oh!
RetryCount => 8
Exception  => The request was canceled due to the configured HttpClient.Timeout of 8 seconds elapsing.
Url        => http://avodsls3ww-s.akamaihd.net/ondemand/iad_2/552c/7db3/6711/4aae-96ef-225c65f8a7c4/2f960634-589d-4f1b-a71d-ca50196fd0bf.ism/QualityLevels(20000000)/Fragments(video=10430420000)
10:45:01.210 EXTRA: Ah oh!
RetryCount => 8
Exception  => The request was canceled due to the configured HttpClient.Timeout of 8 seconds elapsing.
Url        => http://avodsls3ww-s.akamaihd.net/ondemand/iad_2/552c/7db3/6711/4aae-96ef-225c65f8a7c4/2f960634-589d-4f1b-a71d-ca50196fd0bf.ism/QualityLevels(20000000)/Fragments(video=10490480000)
10:45:09.272 EXTRA: Ah oh!
RetryCount => 8
Exception  => The request was canceled due to the configured HttpClient.Timeout of 8 seconds elapsing.
Url        => http://avodsls3ww-s.akamaihd.net/ondemand/iad_2/552c/7db3/6711/4aae-96ef-225c65f8a7c4/2f960634-589d-4f1b-a71d-ca50196fd0bf.ism/QualityLevels(20000000)/Fragments(video=10590580000)
10:45:09.547 EXTRA: Ah oh!
RetryCount => 8
Exception  => The request was canceled due to the configured HttpClient.Timeout of 8 seconds elapsing.
Url        => http://avodsls3ww-s.akamaihd.net/ondemand/iad_2/552c/7db3/6711/4aae-96ef-225c65f8a7c4/2f960634-589d-4f1b-a71d-ca50196fd0bf.ism/QualityLevels(20000000)/Fragments(video=10610600000)
10:45:13.359 EXTRA: Ah oh!
RetryCount => 8
Exception  => The request was canceled due to the configured HttpClient.Timeout of 8 seconds elapsing.
Url        => http://avodsls3ww-s.akamaihd.net/ondemand/iad_2/552c/7db3/6711/4aae-96ef-225c65f8a7c4/2f960634-589d-4f1b-a71d-ca50196fd0bf.ism/QualityLevels(20000000)/Fragments(video=10690680000)
10:45:16.309 EXTRA: Ah oh!
RetryCount => 8
Exception  => The request was canceled due to the configured HttpClient.Timeout of 8 seconds elapsing.
Url        => http://avodsls3ww-s.akamaihd.net/ondemand/iad_2/552c/7db3/6711/4aae-96ef-225c65f8a7c4/2f960634-589d-4f1b-a71d-ca50196fd0bf.ism/QualityLevels(20000000)/Fragments(video=10810800000)
10:45:16.356 EXTRA: Ah oh!
RetryCount => 8
Exception  => The request was canceled due to the configured HttpClient.Timeout of 8 seconds elapsing.
Url        => http://avodsls3ww-s.akamaihd.net/ondemand/iad_2/552c/7db3/6711/4aae-96ef-225c65f8a7c4/2f960634-589d-4f1b-a71d-ca50196fd0bf.ism/QualityLevels(20000000)/Fragments(video=10830820000)
10:45:16.403 EXTRA: Ah oh!
RetryCount => 8
Exception  => The request was canceled due to the configured HttpClient.Timeout of 8 seconds elapsing.
Url        => http://avodsls3ww-s.akamaihd.net/ondemand/iad_2/552c/7db3/6711/4aae-96ef-225c65f8a7c4/2f960634-589d-4f1b-a71d-ca50196fd0bf.ism/QualityLevels(20000000)/Fragments(video=10850840000)
10:45:17.008 EXTRA: Ah oh!
RetryCount => 8
Exception  => The request was canceled due to the configured HttpClient.Timeout of 8 seconds elapsing.
Url        => http://avodsls3ww-s.akamaihd.net/ondemand/iad_2/552c/7db3/6711/4aae-96ef-225c65f8a7c4/2f960634-589d-4f1b-a71d-ca50196fd0bf.ism/QualityLevels(20000000)/Fragments(video=10870860000)
10:45:18.864 EXTRA: Ah oh!
RetryCount => 8
Exception  => The request was canceled due to the configured HttpClient.Timeout of 8 seconds elapsing.
Url        => http://avodsls3ww-s.akamaihd.net/ondemand/iad_2/552c/7db3/6711/4aae-96ef-225c65f8a7c4/2f960634-589d-4f1b-a71d-ca50196fd0bf.ism/QualityLevels(20000000)/Fragments(video=10910900000)
10:45:20.015 EXTRA: Ah oh!
RetryCount => 8
Exception  => The request was canceled due to the configured HttpClient.Timeout of 8 seconds elapsing.
Url        => http://avodsls3ww-s.akamaihd.net/ondemand/iad_2/552c/7db3/6711/4aae-96ef-225c65f8a7c4/2f960634-589d-4f1b-a71d-ca50196fd0bf.ism/QualityLevels(20000000)/Fragments(video=10930920000)
10:45:22.862 EXTRA: Ah oh!
RetryCount => 8
Exception  => The request was canceled due to the configured HttpClient.Timeout of 8 seconds elapsing.
Url        => http://avodsls3ww-s.akamaihd.net/ondemand/iad_2/552c/7db3/6711/4aae-96ef-225c65f8a7c4/2f960634-589d-4f1b-a71d-ca50196fd0bf.ism/QualityLevels(20000000)/Fragments(video=11071060000)
10:45:24.954 EXTRA: Ah oh!
RetryCount => 8
Exception  => The request was canceled due to the configured HttpClient.Timeout of 8 seconds elapsing.
Url        => http://avodsls3ww-s.akamaihd.net/ondemand/iad_2/552c/7db3/6711/4aae-96ef-225c65f8a7c4/2f960634-589d-4f1b-a71d-ca50196fd0bf.ism/QualityLevels(20000000)/Fragments(video=11211200000)
10:45:25.214 EXTRA: Ah oh!
RetryCount => 8
Exception  => The request was canceled due to the configured HttpClient.Timeout of 8 seconds elapsing.
Url        => http://avodsls3ww-s.akamaihd.net/ondemand/iad_2/552c/7db3/6711/4aae-96ef-225c65f8a7c4/2f960634-589d-4f1b-a71d-ca50196fd0bf.ism/QualityLevels(20000000)/Fragments(video=11271260000)
10:45:37.122 EXTRA: Ah oh!
RetryCount => 8
Exception  => The request was canceled due to the configured HttpClient.Timeout of 8 seconds elapsing.
Url        => http://avodsls3ww-s.akamaihd.net/ondemand/iad_2/552c/7db3/6711/4aae-96ef-225c65f8a7c4/2f960634-589d-4f1b-a71d-ca50196fd0bf.ism/QualityLevels(20000000)/Fragments(video=11431420000)
10:45:44.915 EXTRA: Ah oh!
RetryCount => 8
Exception  => The request was canceled due to the configured HttpClient.Timeout of 8 seconds elapsing.
Url        => http://avodsls3ww-s.akamaihd.net/ondemand/iad_2/552c/7db3/6711/4aae-96ef-225c65f8a7c4/2f960634-589d-4f1b-a71d-ca50196fd0bf.ism/QualityLevels(20000000)/Fragments(video=11511500000)
10:45:45.274 EXTRA: Ah oh!
RetryCount => 8
Exception  => The request was canceled due to the configured HttpClient.Timeout of 8 seconds elapsing.
Url        => http://avodsls3ww-s.akamaihd.net/ondemand/iad_2/552c/7db3/6711/4aae-96ef-225c65f8a7c4/2f960634-589d-4f1b-a71d-ca50196fd0bf.ism/QualityLevels(20000000)/Fragments(video=11531520000)
10:45:45.852 EXTRA: Ah oh!
RetryCount => 8
Exception  => The request was canceled due to the configured HttpClient.Timeout of 8 seconds elapsing.
Url        => http://avodsls3ww-s.akamaihd.net/ondemand/iad_2/552c/7db3/6711/4aae-96ef-225c65f8a7c4/2f960634-589d-4f1b-a71d-ca50196fd0bf.ism/QualityLevels(20000000)/Fragments(video=11551540000)
10:45:46.285 EXTRA: Ah oh!
RetryCount => 8
Exception  => The request was canceled due to the configured HttpClient.Timeout of 8 seconds elapsing.
Url        => http://avodsls3ww-s.akamaihd.net/ondemand/iad_2/552c/7db3/6711/4aae-96ef-225c65f8a7c4/2f960634-589d-4f1b-a71d-ca50196fd0bf.ism/QualityLevels(20000000)/Fragments(video=11571560000)
10:45:46.998 EXTRA: Ah oh!
RetryCount => 8
Exception  => The request was canceled due to the configured HttpClient.Timeout of 8 seconds elapsing.
Url        => http://avodsls3ww-s.akamaihd.net/ondemand/iad_2/552c/7db3/6711/4aae-96ef-225c65f8a7c4/2f960634-589d-4f1b-a71d-ca50196fd0bf.ism/QualityLevels(20000000)/Fragments(video=11611600000)
10:45:47.031 EXTRA: Ah oh!
RetryCount => 8
Exception  => The request was canceled due to the configured HttpClient.Timeout of 8 seconds elapsing.
Url        => http://avodsls3ww-s.akamaihd.net/ondemand/iad_2/552c/7db3/6711/4aae-96ef-225c65f8a7c4/2f960634-589d-4f1b-a71d-ca50196fd0bf.ism/QualityLevels(20000000)/Fragments(video=11631620000)
10:45:49.368 EXTRA: Ah oh!
RetryCount => 8
Exception  => The request was canceled due to the configured HttpClient.Timeout of 8 seconds elapsing.
Url        => http://avodsls3ww-s.akamaihd.net/ondemand/iad_2/552c/7db3/6711/4aae-96ef-225c65f8a7c4/2f960634-589d-4f1b-a71d-ca50196fd0bf.ism/QualityLevels(20000000)/Fragments(video=11691680000)
10:45:49.862 EXTRA: Ah oh!
RetryCount => 8
Exception  => The request was canceled due to the configured HttpClient.Timeout of 8 seconds elapsing.
Url        => http://avodsls3ww-s.akamaihd.net/ondemand/iad_2/552c/7db3/6711/4aae-96ef-225c65f8a7c4/2f960634-589d-4f1b-a71d-ca50196fd0bf.ism/QualityLevels(20000000)/Fragments(video=11711700000)
10:45:51.993 EXTRA: Ah oh!
RetryCount => 8
Exception  => The request was canceled due to the configured HttpClient.Timeout of 8 seconds elapsing.
Url        => http://avodsls3ww-s.akamaihd.net/ondemand/iad_2/552c/7db3/6711/4aae-96ef-225c65f8a7c4/2f960634-589d-4f1b-a71d-ca50196fd0bf.ism/QualityLevels(20000000)/Fragments(video=11771760000)
10:45:53.262 EXTRA: Ah oh!
RetryCount => 8
Exception  => The request was canceled due to the configured HttpClient.Timeout of 8 seconds elapsing.
Url        => http://avodsls3ww-s.akamaihd.net/ondemand/iad_2/552c/7db3/6711/4aae-96ef-225c65f8a7c4/2f960634-589d-4f1b-a71d-ca50196fd0bf.ism/QualityLevels(20000000)/Fragments(video=11811800000)
10:45:53.639 EXTRA: Ah oh!
RetryCount => 8
Exception  => The request was canceled due to the configured HttpClient.Timeout of 8 seconds elapsing.
Url        => http://avodsls3ww-s.akamaihd.net/ondemand/iad_2/552c/7db3/6711/4aae-96ef-225c65f8a7c4/2f960634-589d-4f1b-a71d-ca50196fd0bf.ism/QualityLevels(20000000)/Fragments(video=11831820000)
10:45:54.941 EXTRA: Ah oh!
RetryCount => 8
Exception  => The request was canceled due to the configured HttpClient.Timeout of 8 seconds elapsing.
Url        => http://avodsls3ww-s.akamaihd.net/ondemand/iad_2/552c/7db3/6711/4aae-96ef-225c65f8a7c4/2f960634-589d-4f1b-a71d-ca50196fd0bf.ism/QualityLevels(20000000)/Fragments(video=11891880000)
10:45:56.197 EXTRA: Ah oh!
RetryCount => 8
Exception  => The request was canceled due to the configured HttpClient.Timeout of 8 seconds elapsing.
Url        => http://avodsls3ww-s.akamaihd.net/ondemand/iad_2/552c/7db3/6711/4aae-96ef-225c65f8a7c4/2f960634-589d-4f1b-a71d-ca50196fd0bf.ism/QualityLevels(20000000)/Fragments(video=11911900000)
10:45:56.848 EXTRA: Ah oh!
RetryCount => 8
Exception  => The request was canceled due to the configured HttpClient.Timeout of 8 seconds elapsing.
Url        => http://avodsls3ww-s.akamaihd.net/ondemand/iad_2/552c/7db3/6711/4aae-96ef-225c65f8a7c4/2f960634-589d-4f1b-a71d-ca50196fd0bf.ism/QualityLevels(20000000)/Fragments(video=11931920000)
10:45:57.832 EXTRA: Ah oh!
RetryCount => 8
Exception  => The request was canceled due to the configured HttpClient.Timeout of 8 seconds elapsing.
Url        => http://avodsls3ww-s.akamaihd.net/ondemand/iad_2/552c/7db3/6711/4aae-96ef-225c65f8a7c4/2f960634-589d-4f1b-a71d-ca50196fd0bf.ism/QualityLevels(20000000)/Fragments(video=11991980000)
10:45:58.410 EXTRA: Ah oh!
RetryCount => 8
Exception  => The request was canceled due to the configured HttpClient.Timeout of 8 seconds elapsing.
Url        => http://avodsls3ww-s.akamaihd.net/ondemand/iad_2/552c/7db3/6711/4aae-96ef-225c65f8a7c4/2f960634-589d-4f1b-a71d-ca50196fd0bf.ism/QualityLevels(20000000)/Fragments(video=12032020000)
10:46:03.487 EXTRA: Ah oh!
RetryCount => 8
Exception  => The request was canceled due to the configured HttpClient.Timeout of 8 seconds elapsing.
Url        => http://avodsls3ww-s.akamaihd.net/ondemand/iad_2/552c/7db3/6711/4aae-96ef-225c65f8a7c4/2f960634-589d-4f1b-a71d-ca50196fd0bf.ism/QualityLevels(20000000)/Fragments(video=12092080000)
10:46:05.570 EXTRA: Ah oh!
RetryCount => 8
Exception  => The request was canceled due to the configured HttpClient.Timeout of 8 seconds elapsing.
Url        => http://avodsls3ww-s.akamaihd.net/ondemand/iad_2/552c/7db3/6711/4aae-96ef-225c65f8a7c4/2f960634-589d-4f1b-a71d-ca50196fd0bf.ism/QualityLevels(20000000)/Fragments(video=12132120000)
10:46:06.132 EXTRA: Ah oh!
RetryCount => 8
Exception  => The request was canceled due to the configured HttpClient.Timeout of 8 seconds elapsing.
Url        => http://avodsls3ww-s.akamaihd.net/ondemand/iad_2/552c/7db3/6711/4aae-96ef-225c65f8a7c4/2f960634-589d-4f1b-a71d-ca50196fd0bf.ism/QualityLevels(20000000)/Fragments(video=12152140000)
10:46:07.994 EXTRA: Ah oh!
RetryCount => 8
Exception  => The request was canceled due to the configured HttpClient.Timeout of 8 seconds elapsing.
Url        => http://avodsls3ww-s.akamaihd.net/ondemand/iad_2/552c/7db3/6711/4aae-96ef-225c65f8a7c4/2f960634-589d-4f1b-a71d-ca50196fd0bf.ism/QualityLevels(20000000)/Fragments(video=12212200000)
10:46:14.181 EXTRA: Ah oh!
RetryCount => 8
Exception  => The request was canceled due to the configured HttpClient.Timeout of 8 seconds elapsing.
Url        => http://avodsls3ww-s.akamaihd.net/ondemand/iad_2/552c/7db3/6711/4aae-96ef-225c65f8a7c4/2f960634-589d-4f1b-a71d-ca50196fd0bf.ism/QualityLevels(20000000)/Fragments(video=12312300000)
10:46:19.841 EXTRA: Ah oh!
RetryCount => 8
Exception  => The request was canceled due to the configured HttpClient.Timeout of 8 seconds elapsing.
Url        => http://avodsls3ww-s.akamaihd.net/ondemand/iad_2/552c/7db3/6711/4aae-96ef-225c65f8a7c4/2f960634-589d-4f1b-a71d-ca50196fd0bf.ism/QualityLevels(20000000)/Fragments(video=12412400000)
10:46:20.559 EXTRA: Ah oh!
RetryCount => 8
Exception  => The request was canceled due to the configured HttpClient.Timeout of 8 seconds elapsing.
Url        => http://avodsls3ww-s.akamaihd.net/ondemand/iad_2/552c/7db3/6711/4aae-96ef-225c65f8a7c4/2f960634-589d-4f1b-a71d-ca50196fd0bf.ism/QualityLevels(20000000)/Fragments(video=12452440000)
10:46:23.991 EXTRA: Ah oh!
RetryCount => 8
Exception  => The request was canceled due to the configured HttpClient.Timeout of 8 seconds elapsing.
Url        => http://avodsls3ww-s.akamaihd.net/ondemand/iad_2/552c/7db3/6711/4aae-96ef-225c65f8a7c4/2f960634-589d-4f1b-a71d-ca50196fd0bf.ism/QualityLevels(20000000)/Fragments(video=12512500000)
10:46:24.069 EXTRA: Ah oh!
RetryCount => 8
Exception  => The request was canceled due to the configured HttpClient.Timeout of 8 seconds elapsing.
Url        => http://avodsls3ww-s.akamaihd.net/ondemand/iad_2/552c/7db3/6711/4aae-96ef-225c65f8a7c4/2f960634-589d-4f1b-a71d-ca50196fd0bf.ism/QualityLevels(20000000)/Fragments(video=12572560000)
10:46:24.069 EXTRA: Ah oh!
RetryCount => 8
Exception  => The request was canceled due to the configured HttpClient.Timeout of 8 seconds elapsing.
Url        => http://avodsls3ww-s.akamaihd.net/ondemand/iad_2/552c/7db3/6711/4aae-96ef-225c65f8a7c4/2f960634-589d-4f1b-a71d-ca50196fd0bf.ism/QualityLevels(20000000)/Fragments(video=12612600000)
10:46:24.491 EXTRA: Ah oh!
RetryCount => 8
Exception  => The request was canceled due to the configured HttpClient.Timeout of 8 seconds elapsing.
Url        => http://avodsls3ww-s.akamaihd.net/ondemand/iad_2/552c/7db3/6711/4aae-96ef-225c65f8a7c4/2f960634-589d-4f1b-a71d-ca50196fd0bf.ism/QualityLevels(20000000)/Fragments(video=12672660000)
10:46:26.363 EXTRA: Ah oh!
RetryCount => 8
Exception  => The request was canceled due to the configured HttpClient.Timeout of 8 seconds elapsing.
Url        => http://avodsls3ww-s.akamaihd.net/ondemand/iad_2/552c/7db3/6711/4aae-96ef-225c65f8a7c4/2f960634-589d-4f1b-a71d-ca50196fd0bf.ism/QualityLevels(20000000)/Fragments(video=12732720000)
10:46:27.177 EXTRA: Ah oh!
RetryCount => 8
Exception  => The request was canceled due to the configured HttpClient.Timeout of 8 seconds elapsing.
Url        => http://avodsls3ww-s.akamaihd.net/ondemand/iad_2/552c/7db3/6711/4aae-96ef-225c65f8a7c4/2f960634-589d-4f1b-a71d-ca50196fd0bf.ism/QualityLevels(20000000)/Fragments(video=12752740000)
10:46:29.580 EXTRA: Ah oh!
RetryCount => 8
Exception  => The request was canceled due to the configured HttpClient.Timeout of 8 seconds elapsing.
Url        => http://avodsls3ww-s.akamaihd.net/ondemand/iad_2/552c/7db3/6711/4aae-96ef-225c65f8a7c4/2f960634-589d-4f1b-a71d-ca50196fd0bf.ism/QualityLevels(20000000)/Fragments(video=12792780000)
10:46:29.721 EXTRA: Ah oh!
RetryCount => 8
Exception  => The request was canceled due to the configured HttpClient.Timeout of 8 seconds elapsing.
Url        => http://avodsls3ww-s.akamaihd.net/ondemand/iad_2/552c/7db3/6711/4aae-96ef-225c65f8a7c4/2f960634-589d-4f1b-a71d-ca50196fd0bf.ism/QualityLevels(20000000)/Fragments(video=12832820000)
10:46:29.939 EXTRA: Ah oh!
RetryCount => 8
Exception  => The request was canceled due to the configured HttpClient.Timeout of 8 seconds elapsing.
Url        => http://avodsls3ww-s.akamaihd.net/ondemand/iad_2/552c/7db3/6711/4aae-96ef-225c65f8a7c4/2f960634-589d-4f1b-a71d-ca50196fd0bf.ism/QualityLevels(20000000)/Fragments(video=12872860000)
10:46:30.330 EXTRA: Ah oh!
RetryCount => 8
Exception  => The request was canceled due to the configured HttpClient.Timeout of 8 seconds elapsing.
Url        => http://avodsls3ww-s.akamaihd.net/ondemand/iad_2/552c/7db3/6711/4aae-96ef-225c65f8a7c4/2f960634-589d-4f1b-a71d-ca50196fd0bf.ism/QualityLevels(20000000)/Fragments(video=12892880000)
10:46:35.222 EXTRA: Ah oh!
RetryCount => 8
Exception  => The request was canceled due to the configured HttpClient.Timeout of 8 seconds elapsing.
Url        => http://avodsls3ww-s.akamaihd.net/ondemand/iad_2/552c/7db3/6711/4aae-96ef-225c65f8a7c4/2f960634-589d-4f1b-a71d-ca50196fd0bf.ism/QualityLevels(20000000)/Fragments(video=13013000000)
10:46:39.456 EXTRA: Ah oh!
RetryCount => 8
Exception  => The request was canceled due to the configured HttpClient.Timeout of 8 seconds elapsing.
Url        => http://avodsls3ww-s.akamaihd.net/ondemand/iad_2/552c/7db3/6711/4aae-96ef-225c65f8a7c4/2f960634-589d-4f1b-a71d-ca50196fd0bf.ism/QualityLevels(20000000)/Fragments(video=13073060000)
10:46:39.528 EXTRA: Ah oh!
RetryCount => 8
Exception  => The request was canceled due to the configured HttpClient.Timeout of 8 seconds elapsing.
Url        => http://avodsls3ww-s.akamaihd.net/ondemand/iad_2/552c/7db3/6711/4aae-96ef-225c65f8a7c4/2f960634-589d-4f1b-a71d-ca50196fd0bf.ism/QualityLevels(20000000)/Fragments(video=13113100000)
10:46:41.722 EXTRA: Ah oh!
RetryCount => 8
Exception  => The request was canceled due to the configured HttpClient.Timeout of 8 seconds elapsing.
Url        => http://avodsls3ww-s.akamaihd.net/ondemand/iad_2/552c/7db3/6711/4aae-96ef-225c65f8a7c4/2f960634-589d-4f1b-a71d-ca50196fd0bf.ism/QualityLevels(20000000)/Fragments(video=13173160000)
10:46:41.737 EXTRA: Ah oh!
RetryCount => 8
Exception  => The request was canceled due to the configured HttpClient.Timeout of 8 seconds elapsing.
Url        => http://avodsls3ww-s.akamaihd.net/ondemand/iad_2/552c/7db3/6711/4aae-96ef-225c65f8a7c4/2f960634-589d-4f1b-a71d-ca50196fd0bf.ism/QualityLevels(20000000)/Fragments(video=13193180000)
10:47:35.189 EXTRA: Ah oh!
RetryCount => 8
Exception  => Download speed too slow!
Url        => http://avodsls3ww-s.akamaihd.net/ondemand/iad_2/552c/7db3/6711/4aae-96ef-225c65f8a7c4/2f960634-589d-4f1b-a71d-ca50196fd0bf.ism/QualityLevels(20000000)/Fragments(video=3503500000)
